[2025-06-02 07:20:13] INFO: RustyPot HTTP parser started
[2025-06-02 07:20:13] INFO: ==================================================
[2025-06-02 07:20:13] INFO: Система мониторинга цен запущена
[2025-06-02 07:20:13] INFO: Интервал обновления: 1800 секунд
[2025-06-02 07:20:13] INFO: ==================================================
[2025-06-02 07:20:13] INFO: Автообновление данных запущено
[2025-06-02 07:20:13] INFO: Начато обновление: rustbet
[2025-06-02 07:20:13] INFO: Начато обновление: lootfarm
[2025-06-02 07:20:14] INFO: Начато обновление: swapgg
[2025-06-02 07:20:14] INFO: Начато обновление: cstrade
[2025-06-02 07:20:14] ERROR: Failed to fetch RustyPot items: 403 Client Error: Forbidden for url: https://rustypot.com/api/items
[2025-06-02 07:20:14] WARNING: No items received from RustyPot
[2025-06-02 07:20:14] INFO: Обновление завершено: lootfarm - 3762/3762 предметов за 0.30 сек
[2025-06-02 07:20:14] INFO: Обновление завершено: cstrade - 4196/4196 предметов за 0.33 сек
[2025-06-02 07:20:14] INFO: Обновление завершено: swapgg - 1995/1995 предметов за 0.34 сек
[2025-06-02 07:20:31] INFO: Обновление завершено: rustbet - 681/681 предметов за 17.35 сек
[2025-06-02 07:21:14] ERROR: Failed to fetch RustyPot items: 403 Client Error: Forbidden for url: https://rustypot.com/api/items
[2025-06-02 07:21:14] WARNING: No items received from RustyPot
[2025-06-02 07:22:14] ERROR: Failed to fetch RustyPot items: 403 Client Error: Forbidden for url: https://rustypot.com/api/items
[2025-06-02 07:22:14] WARNING: No items received from RustyPot
[2025-06-02 07:23:14] ERROR: Failed to fetch RustyPot items: 403 Client Error: Forbidden for url: https://rustypot.com/api/items
[2025-06-02 07:23:14] WARNING: No items received from RustyPot
[2025-06-02 07:24:14] ERROR: Failed to fetch RustyPot items: 403 Client Error: Forbidden for url: https://rustypot.com/api/items
[2025-06-02 07:24:14] WARNING: No items received from RustyPot
[2025-06-02 07:25:14] ERROR: Failed to fetch RustyPot items: 403 Client Error: Forbidden for url: https://rustypot.com/api/items
[2025-06-02 07:25:14] WARNING: No items received from RustyPot
[2025-06-02 07:26:14] ERROR: Failed to fetch RustyPot items: 403 Client Error: Forbidden for url: https://rustypot.com/api/items
[2025-06-02 07:26:14] WARNING: No items received from RustyPot
[2025-06-02 07:27:14] ERROR: Failed to fetch RustyPot items: 403 Client Error: Forbidden for url: https://rustypot.com/api/items
[2025-06-02 07:27:14] WARNING: No items received from RustyPot
[2025-06-02 07:28:14] ERROR: Failed to fetch RustyPot items: 403 Client Error: Forbidden for url: https://rustypot.com/api/items
[2025-06-02 07:28:14] WARNING: No items received from RustyPot
[2025-06-02 07:29:14] ERROR: Failed to fetch RustyPot items: 403 Client Error: Forbidden for url: https://rustypot.com/api/items
[2025-06-02 07:29:14] WARNING: No items received from RustyPot
[2025-06-02 07:30:14] ERROR: Failed to fetch RustyPot items: 403 Client Error: Forbidden for url: https://rustypot.com/api/items
[2025-06-02 07:30:14] WARNING: No items received from RustyPot
[2025-06-02 07:31:15] ERROR: Failed to fetch RustyPot items: 403 Client Error: Forbidden for url: https://rustypot.com/api/items
[2025-06-02 07:31:15] WARNING: No items received from RustyPot
[2025-06-02 07:32:15] ERROR: Failed to fetch RustyPot items: 403 Client Error: Forbidden for url: https://rustypot.com/api/items
[2025-06-02 07:32:15] WARNING: No items received from RustyPot
[2025-06-02 07:33:15] ERROR: Failed to fetch RustyPot items: 403 Client Error: Forbidden for url: https://rustypot.com/api/items
[2025-06-02 07:33:15] WARNING: No items received from RustyPot
[2025-06-02 07:34:15] ERROR: Failed to fetch RustyPot items: 403 Client Error: Forbidden for url: https://rustypot.com/api/items
[2025-06-02 07:34:15] WARNING: No items received from RustyPot
[2025-06-02 07:35:15] ERROR: Failed to fetch RustyPot items: 403 Client Error: Forbidden for url: https://rustypot.com/api/items
[2025-06-02 07:35:15] WARNING: No items received from RustyPot
[2025-06-02 07:36:15] ERROR: Failed to fetch RustyPot items: 403 Client Error: Forbidden for url: https://rustypot.com/api/items
[2025-06-02 07:36:15] WARNING: No items received from RustyPot
[2025-06-04 19:54:00] INFO: RustyPot HTTP parser started
[2025-06-04 19:54:00] INFO: ==================================================
[2025-06-04 19:54:00] INFO: Система мониторинга цен запущена
[2025-06-04 19:54:00] INFO: Интервал обновления: 1800 секунд
[2025-06-04 19:54:00] INFO: ==================================================
[2025-06-04 19:54:00] INFO: Автообновление данных запущено
[2025-06-04 19:54:00] INFO: Начато обновление: rustbet
[2025-06-04 19:54:00] INFO: Начато обновление: lootfarm
[2025-06-04 19:54:00] INFO: Начато обновление: swapgg
[2025-06-04 19:54:00] INFO: Начато обновление: cstrade
[2025-06-04 19:54:00] ERROR: Failed to fetch RustyPot items: 403 Client Error: Forbidden for url: https://rustypot.com/api/items
[2025-06-04 19:54:00] WARNING: No items received from RustyPot
[2025-06-04 19:54:00] INFO: Обновление завершено: lootfarm - 3775/3775 предметов за 0.22 сек
[2025-06-04 19:54:00] INFO: Обновление завершено: swapgg - 2051/2051 предметов за 0.29 сек
[2025-06-04 19:54:00] INFO: Обновление завершено: cstrade - 4196/4196 предметов за 0.32 сек
[2025-06-04 19:54:40] INFO: Обновление завершено: rustbet - 720/720 предметов за 40.28 сек
[2025-06-04 19:55:00] ERROR: Failed to fetch RustyPot items: 403 Client Error: Forbidden for url: https://rustypot.com/api/items
[2025-06-04 19:55:00] WARNING: No items received from RustyPot
[2025-06-04 19:56:00] ERROR: Failed to fetch RustyPot items: 403 Client Error: Forbidden for url: https://rustypot.com/api/items
[2025-06-04 19:56:00] WARNING: No items received from RustyPot
[2025-06-04 19:57:00] ERROR: Failed to fetch RustyPot items: 403 Client Error: Forbidden for url: https://rustypot.com/api/items
[2025-06-04 19:57:00] WARNING: No items received from RustyPot
[2025-06-04 19:58:00] ERROR: Failed to fetch RustyPot items: 403 Client Error: Forbidden for url: https://rustypot.com/api/items
[2025-06-04 19:58:00] WARNING: No items received from RustyPot
[2025-06-04 19:59:00] ERROR: Failed to fetch RustyPot items: 403 Client Error: Forbidden for url: https://rustypot.com/api/items
[2025-06-04 19:59:00] WARNING: No items received from RustyPot
[2025-06-04 20:00:00] ERROR: Failed to fetch RustyPot items: 403 Client Error: Forbidden for url: https://rustypot.com/api/items
[2025-06-04 20:00:00] WARNING: No items received from RustyPot
[2025-06-04 20:01:00] ERROR: Failed to fetch RustyPot items: 403 Client Error: Forbidden for url: https://rustypot.com/api/items
[2025-06-04 20:01:00] WARNING: No items received from RustyPot
[2025-06-04 20:02:00] ERROR: Failed to fetch RustyPot items: 403 Client Error: Forbidden for url: https://rustypot.com/api/items
[2025-06-04 20:02:00] WARNING: No items received from RustyPot
[2025-06-04 20:03:01] ERROR: Failed to fetch RustyPot items: 403 Client Error: Forbidden for url: https://rustypot.com/api/items
[2025-06-04 20:03:01] WARNING: No items received from RustyPot
[2025-06-04 20:04:01] ERROR: Failed to fetch RustyPot items: 403 Client Error: Forbidden for url: https://rustypot.com/api/items
[2025-06-04 20:04:01] WARNING: No items received from RustyPot
[2025-06-04 20:05:01] ERROR: Failed to fetch RustyPot items: 403 Client Error: Forbidden for url: https://rustypot.com/api/items
[2025-06-04 20:05:01] WARNING: No items received from RustyPot
[2025-06-04 20:06:01] ERROR: Failed to fetch RustyPot items: 403 Client Error: Forbidden for url: https://rustypot.com/api/items
[2025-06-04 20:06:01] WARNING: No items received from RustyPot
[2025-06-04 20:07:01] ERROR: Failed to fetch RustyPot items: 403 Client Error: Forbidden for url: https://rustypot.com/api/items
[2025-06-04 20:07:01] WARNING: No items received from RustyPot
[2025-06-04 20:08:01] ERROR: Failed to fetch RustyPot items: 403 Client Error: Forbidden for url: https://rustypot.com/api/items
[2025-06-04 20:08:01] WARNING: No items received from RustyPot
[2025-06-04 20:09:01] ERROR: Failed to fetch RustyPot items: 403 Client Error: Forbidden for url: https://rustypot.com/api/items
[2025-06-04 20:09:01] WARNING: No items received from RustyPot
[2025-06-04 20:10:01] ERROR: Failed to fetch RustyPot items: 403 Client Error: Forbidden for url: https://rustypot.com/api/items
[2025-06-04 20:10:01] WARNING: No items received from RustyPot
[2025-06-04 20:11:01] ERROR: Failed to fetch RustyPot items: 403 Client Error: Forbidden for url: https://rustypot.com/api/items
[2025-06-04 20:11:01] WARNING: No items received from RustyPot
[2025-06-04 20:12:01] ERROR: Failed to fetch RustyPot items: 403 Client Error: Forbidden for url: https://rustypot.com/api/items
[2025-06-04 20:12:01] WARNING: No items received from RustyPot
[2025-06-04 20:13:02] ERROR: Failed to fetch RustyPot items: 403 Client Error: Forbidden for url: https://rustypot.com/api/items
[2025-06-04 20:13:02] WARNING: No items received from RustyPot
[2025-06-04 20:14:02] ERROR: Failed to fetch RustyPot items: 403 Client Error: Forbidden for url: https://rustypot.com/api/items
[2025-06-04 20:14:02] WARNING: No items received from RustyPot
[2025-06-04 20:15:02] ERROR: Failed to fetch RustyPot items: 403 Client Error: Forbidden for url: https://rustypot.com/api/items
[2025-06-04 20:15:02] WARNING: No items received from RustyPot
[2025-06-04 20:16:02] ERROR: Failed to fetch RustyPot items: 403 Client Error: Forbidden for url: https://rustypot.com/api/items
[2025-06-04 20:16:02] WARNING: No items received from RustyPot
[2025-06-04 20:17:02] ERROR: Failed to fetch RustyPot items: 403 Client Error: Forbidden for url: https://rustypot.com/api/items
[2025-06-04 20:17:02] WARNING: No items received from RustyPot
[2025-06-04 20:18:02] ERROR: Failed to fetch RustyPot items: 403 Client Error: Forbidden for url: https://rustypot.com/api/items
[2025-06-04 20:18:02] WARNING: No items received from RustyPot
[2025-06-04 20:19:02] ERROR: Failed to fetch RustyPot items: 403 Client Error: Forbidden for url: https://rustypot.com/api/items
[2025-06-04 20:19:02] WARNING: No items received from RustyPot
[2025-06-04 20:20:02] ERROR: Failed to fetch RustyPot items: 403 Client Error: Forbidden for url: https://rustypot.com/api/items
[2025-06-04 20:20:02] WARNING: No items received from RustyPot
[2025-06-04 20:21:02] ERROR: Failed to fetch RustyPot items: 403 Client Error: Forbidden for url: https://rustypot.com/api/items
[2025-06-04 20:21:02] WARNING: No items received from RustyPot
[2025-06-04 20:22:02] ERROR: Failed to fetch RustyPot items: 403 Client Error: Forbidden for url: https://rustypot.com/api/items
[2025-06-04 20:22:02] WARNING: No items received from RustyPot
[2025-06-04 20:33:28] INFO: Следующее обновление в: 2025-06-04 20:24:00.107855
[2025-06-04 20:33:28] INFO: Начато обновление: rustbet
[2025-06-04 20:33:28] INFO: Начато обновление: lootfarm
[2025-06-04 20:33:28] INFO: Начато обновление: swapgg
[2025-06-04 20:33:28] INFO: Начато обновление: cstrade
[2025-06-04 20:33:29] INFO: Обновление завершено: swapgg - 2066/2066 предметов за 0.28 сек
[2025-06-04 20:33:29] INFO: Обновление завершено: lootfarm - 3775/3775 предметов за 0.52 сек
[2025-06-04 20:33:29] INFO: Обновление завершено: cstrade - 4197/4197 предметов за 0.37 сек
[2025-06-04 20:33:53] INFO: Обновление завершено: rustbet - 720/720 предметов за 24.48 сек
[2025-06-04 20:34:00] ERROR: Failed to fetch RustyPot items: 403 Client Error: Forbidden for url: https://rustypot.com/api/items
[2025-06-04 20:34:00] WARNING: No items received from RustyPot
[2025-06-04 20:35:00] ERROR: Failed to fetch RustyPot items: 403 Client Error: Forbidden for url: https://rustypot.com/api/items
[2025-06-04 20:35:00] WARNING: No items received from RustyPot
[2025-06-04 20:36:00] ERROR: Failed to fetch RustyPot items: 403 Client Error: Forbidden for url: https://rustypot.com/api/items
[2025-06-04 20:36:00] WARNING: No items received from RustyPot
[2025-06-04 20:37:00] ERROR: Failed to fetch RustyPot items: 403 Client Error: Forbidden for url: https://rustypot.com/api/items
[2025-06-04 20:37:00] WARNING: No items received from RustyPot
[2025-06-04 20:38:00] ERROR: Failed to fetch RustyPot items: 403 Client Error: Forbidden for url: https://rustypot.com/api/items
[2025-06-04 20:38:00] WARNING: No items received from RustyPot
[2025-06-04 20:39:01] ERROR: Failed to fetch RustyPot items: 403 Client Error: Forbidden for url: https://rustypot.com/api/items
[2025-06-04 20:39:01] WARNING: No items received from RustyPot
[2025-06-04 20:40:01] ERROR: Failed to fetch RustyPot items: 403 Client Error: Forbidden for url: https://rustypot.com/api/items
[2025-06-04 20:40:01] WARNING: No items received from RustyPot
[2025-06-04 20:41:01] ERROR: Failed to fetch RustyPot items: 403 Client Error: Forbidden for url: https://rustypot.com/api/items
[2025-06-04 20:41:01] WARNING: No items received from RustyPot
[2025-06-04 20:42:01] ERROR: Failed to fetch RustyPot items: 403 Client Error: Forbidden for url: https://rustypot.com/api/items
[2025-06-04 20:42:01] WARNING: No items received from RustyPot
[2025-06-04 20:43:01] ERROR: Failed to fetch RustyPot items: 403 Client Error: Forbidden for url: https://rustypot.com/api/items
[2025-06-04 20:43:01] WARNING: No items received from RustyPot
[2025-06-04 20:44:01] ERROR: Failed to fetch RustyPot items: 403 Client Error: Forbidden for url: https://rustypot.com/api/items
[2025-06-04 20:44:01] WARNING: No items received from RustyPot
[2025-06-04 20:45:01] ERROR: Failed to fetch RustyPot items: 403 Client Error: Forbidden for url: https://rustypot.com/api/items
[2025-06-04 20:45:01] WARNING: No items received from RustyPot
[2025-06-04 20:46:01] ERROR: Failed to fetch RustyPot items: 403 Client Error: Forbidden for url: https://rustypot.com/api/items
[2025-06-04 20:46:01] WARNING: No items received from RustyPot
[2025-06-04 20:47:01] ERROR: Failed to fetch RustyPot items: 403 Client Error: Forbidden for url: https://rustypot.com/api/items
[2025-06-04 20:47:01] WARNING: No items received from RustyPot
[2025-06-04 20:48:01] ERROR: Failed to fetch RustyPot items: 403 Client Error: Forbidden for url: https://rustypot.com/api/items
[2025-06-04 20:48:01] WARNING: No items received from RustyPot
[2025-06-04 20:49:01] ERROR: Failed to fetch RustyPot items: 403 Client Error: Forbidden for url: https://rustypot.com/api/items
[2025-06-04 20:49:01] WARNING: No items received from RustyPot
[2025-06-04 20:50:01] ERROR: Failed to fetch RustyPot items: 403 Client Error: Forbidden for url: https://rustypot.com/api/items
[2025-06-04 20:50:01] WARNING: No items received from RustyPot
[2025-06-04 20:51:01] ERROR: Failed to fetch RustyPot items: 403 Client Error: Forbidden for url: https://rustypot.com/api/items
[2025-06-04 20:51:01] WARNING: No items received from RustyPot
[2025-06-04 20:52:02] ERROR: Failed to fetch RustyPot items: 403 Client Error: Forbidden for url: https://rustypot.com/api/items
[2025-06-04 20:52:02] WARNING: No items received from RustyPot
[2025-06-04 20:53:02] ERROR: Failed to fetch RustyPot items: 403 Client Error: Forbidden for url: https://rustypot.com/api/items
[2025-06-04 20:53:02] WARNING: No items received from RustyPot
[2025-06-04 20:54:02] ERROR: Failed to fetch RustyPot items: 403 Client Error: Forbidden for url: https://rustypot.com/api/items
[2025-06-04 20:54:02] WARNING: No items received from RustyPot
[2025-06-04 20:55:02] ERROR: Failed to fetch RustyPot items: 403 Client Error: Forbidden for url: https://rustypot.com/api/items
[2025-06-04 20:55:02] WARNING: No items received from RustyPot
[2025-06-04 20:56:02] ERROR: Failed to fetch RustyPot items: 403 Client Error: Forbidden for url: https://rustypot.com/api/items
[2025-06-04 20:56:02] WARNING: No items received from RustyPot
[2025-06-04 20:57:02] ERROR: Failed to fetch RustyPot items: 403 Client Error: Forbidden for url: https://rustypot.com/api/items
[2025-06-04 20:57:02] WARNING: No items received from RustyPot
[2025-06-04 20:58:02] ERROR: Failed to fetch RustyPot items: 403 Client Error: Forbidden for url: https://rustypot.com/api/items
[2025-06-04 20:58:02] WARNING: No items received from RustyPot
[2025-06-04 20:59:02] ERROR: Failed to fetch RustyPot items: 403 Client Error: Forbidden for url: https://rustypot.com/api/items
[2025-06-04 20:59:02] WARNING: No items received from RustyPot
[2025-06-04 21:00:02] ERROR: Failed to fetch RustyPot items: 403 Client Error: Forbidden for url: https://rustypot.com/api/items
[2025-06-04 21:00:02] WARNING: No items received from RustyPot
[2025-06-04 21:01:02] ERROR: Failed to fetch RustyPot items: 403 Client Error: Forbidden for url: https://rustypot.com/api/items
[2025-06-04 21:01:02] WARNING: No items received from RustyPot
[2025-06-04 21:02:02] ERROR: Failed to fetch RustyPot items: 403 Client Error: Forbidden for url: https://rustypot.com/api/items
[2025-06-04 21:02:02] WARNING: No items received from RustyPot
[2025-06-04 21:03:02] ERROR: Failed to fetch RustyPot items: 403 Client Error: Forbidden for url: https://rustypot.com/api/items
[2025-06-04 21:03:02] WARNING: No items received from RustyPot
[2025-06-04 21:03:28] INFO: Следующее обновление в: 2025-06-04 21:03:28.696173
[2025-06-04 21:03:28] INFO: Начато обновление: rustbet
[2025-06-04 21:03:28] INFO: Начато обновление: lootfarm
[2025-06-04 21:03:28] INFO: Начато обновление: swapgg
[2025-06-04 21:03:28] INFO: Начато обновление: cstrade
[2025-06-04 21:03:29] INFO: Обновление завершено: cstrade - 4197/4197 предметов за 0.27 сек
[2025-06-04 21:03:29] INFO: Обновление завершено: lootfarm - 3775/3775 предметов за 0.32 сек
[2025-06-04 21:03:29] INFO: Обновление завершено: swapgg - 2074/2074 предметов за 0.34 сек
[2025-06-04 21:04:03] ERROR: Failed to fetch RustyPot items: 403 Client Error: Forbidden for url: https://rustypot.com/api/items
[2025-06-04 21:04:03] WARNING: No items received from RustyPot
[2025-06-04 21:04:20] INFO: Обновление завершено: rustbet - 720/720 предметов за 51.95 сек
[2025-06-04 21:05:03] ERROR: Failed to fetch RustyPot items: 403 Client Error: Forbidden for url: https://rustypot.com/api/items
[2025-06-04 21:05:03] WARNING: No items received from RustyPot
[2025-06-04 21:06:03] ERROR: Failed to fetch RustyPot items: 403 Client Error: Forbidden for url: https://rustypot.com/api/items
[2025-06-04 21:06:03] WARNING: No items received from RustyPot
[2025-06-04 21:07:03] ERROR: Failed to fetch RustyPot items: 403 Client Error: Forbidden for url: https://rustypot.com/api/items
[2025-06-04 21:07:03] WARNING: No items received from RustyPot
[2025-06-04 21:08:03] ERROR: Failed to fetch RustyPot items: 403 Client Error: Forbidden for url: https://rustypot.com/api/items
[2025-06-04 21:08:03] WARNING: No items received from RustyPot
[2025-06-04 21:09:03] ERROR: Failed to fetch RustyPot items: 403 Client Error: Forbidden for url: https://rustypot.com/api/items
[2025-06-04 21:09:03] WARNING: No items received from RustyPot
[2025-06-04 21:10:03] ERROR: Failed to fetch RustyPot items: 403 Client Error: Forbidden for url: https://rustypot.com/api/items
[2025-06-04 21:10:03] WARNING: No items received from RustyPot
[2025-06-04 21:11:04] ERROR: Failed to fetch RustyPot items: 403 Client Error: Forbidden for url: https://rustypot.com/api/items
[2025-06-04 21:11:04] WARNING: No items received from RustyPot
[2025-06-04 21:12:04] ERROR: Failed to fetch RustyPot items: 403 Client Error: Forbidden for url: https://rustypot.com/api/items
[2025-06-04 21:12:04] WARNING: No items received from RustyPot
[2025-06-04 21:13:04] ERROR: Failed to fetch RustyPot items: 403 Client Error: Forbidden for url: https://rustypot.com/api/items
[2025-06-04 21:13:04] WARNING: No items received from RustyPot
[2025-06-04 21:14:04] ERROR: Failed to fetch RustyPot items: 403 Client Error: Forbidden for url: https://rustypot.com/api/items
[2025-06-04 21:14:04] WARNING: No items received from RustyPot
[2025-06-04 21:15:04] ERROR: Failed to fetch RustyPot items: 403 Client Error: Forbidden for url: https://rustypot.com/api/items
[2025-06-04 21:15:04] WARNING: No items received from RustyPot
[2025-06-04 21:16:04] ERROR: Failed to fetch RustyPot items: 403 Client Error: Forbidden for url: https://rustypot.com/api/items
[2025-06-04 21:16:04] WARNING: No items received from RustyPot
[2025-06-04 21:17:04] ERROR: Failed to fetch RustyPot items: 403 Client Error: Forbidden for url: https://rustypot.com/api/items
[2025-06-04 21:17:04] WARNING: No items received from RustyPot
[2025-06-04 21:18:04] ERROR: Failed to fetch RustyPot items: 403 Client Error: Forbidden for url: https://rustypot.com/api/items
[2025-06-04 21:18:04] WARNING: No items received from RustyPot
[2025-06-04 21:19:04] ERROR: Failed to fetch RustyPot items: 403 Client Error: Forbidden for url: https://rustypot.com/api/items
[2025-06-04 21:19:04] WARNING: No items received from RustyPot
[2025-06-04 21:20:04] ERROR: Failed to fetch RustyPot items: 403 Client Error: Forbidden for url: https://rustypot.com/api/items
[2025-06-04 21:20:04] WARNING: No items received from RustyPot
[2025-06-04 21:21:05] ERROR: Failed to fetch RustyPot items: 403 Client Error: Forbidden for url: https://rustypot.com/api/items
[2025-06-04 21:21:05] WARNING: No items received from RustyPot
[2025-06-04 21:22:05] ERROR: Failed to fetch RustyPot items: 403 Client Error: Forbidden for url: https://rustypot.com/api/items
[2025-06-04 21:22:05] WARNING: No items received from RustyPot
[2025-06-04 21:23:05] ERROR: Failed to fetch RustyPot items: 403 Client Error: Forbidden for url: https://rustypot.com/api/items
[2025-06-04 21:23:05] WARNING: No items received from RustyPot
[2025-06-04 21:24:05] ERROR: Failed to fetch RustyPot items: 403 Client Error: Forbidden for url: https://rustypot.com/api/items
[2025-06-04 21:24:05] WARNING: No items received from RustyPot
[2025-06-04 21:25:05] ERROR: Failed to fetch RustyPot items: 403 Client Error: Forbidden for url: https://rustypot.com/api/items
[2025-06-04 21:25:05] WARNING: No items received from RustyPot
[2025-06-04 21:26:05] ERROR: Failed to fetch RustyPot items: 403 Client Error: Forbidden for url: https://rustypot.com/api/items
[2025-06-04 21:26:05] WARNING: No items received from RustyPot
[2025-06-04 21:27:05] ERROR: Failed to fetch RustyPot items: 403 Client Error: Forbidden for url: https://rustypot.com/api/items
[2025-06-04 21:27:05] WARNING: No items received from RustyPot
[2025-06-04 21:28:05] ERROR: Failed to fetch RustyPot items: 403 Client Error: Forbidden for url: https://rustypot.com/api/items
[2025-06-04 21:28:05] WARNING: No items received from RustyPot
[2025-06-04 21:29:05] ERROR: Failed to fetch RustyPot items: 403 Client Error: Forbidden for url: https://rustypot.com/api/items
[2025-06-04 21:29:05] WARNING: No items received from RustyPot
[2025-06-04 21:30:05] ERROR: Failed to fetch RustyPot items: 403 Client Error: Forbidden for url: https://rustypot.com/api/items
[2025-06-04 21:30:05] WARNING: No items received from RustyPot
[2025-06-04 21:31:06] ERROR: Failed to fetch RustyPot items: 403 Client Error: Forbidden for url: https://rustypot.com/api/items
[2025-06-04 21:31:06] WARNING: No items received from RustyPot
[2025-06-04 21:32:06] ERROR: Failed to fetch RustyPot items: 403 Client Error: Forbidden for url: https://rustypot.com/api/items
[2025-06-04 21:32:06] WARNING: No items received from RustyPot
[2025-06-04 21:33:06] ERROR: Failed to fetch RustyPot items: 403 Client Error: Forbidden for url: https://rustypot.com/api/items
[2025-06-04 21:33:06] WARNING: No items received from RustyPot
[2025-06-04 21:33:29] INFO: Следующее обновление в: 2025-06-04 21:33:28.808879
[2025-06-04 21:33:29] INFO: Начато обновление: rustbet
[2025-06-04 21:33:29] INFO: Начато обновление: lootfarm
[2025-06-04 21:33:29] INFO: Начато обновление: swapgg
[2025-06-04 21:33:29] INFO: Начато обновление: cstrade
[2025-06-04 21:33:29] INFO: Обновление завершено: swapgg - 2063/2063 предметов за 0.22 сек
[2025-06-04 21:33:29] INFO: Обновление завершено: cstrade - 4197/4197 предметов за 0.29 сек
[2025-06-04 21:33:29] INFO: Обновление завершено: lootfarm - 3775/3775 предметов за 0.44 сек
[2025-06-04 21:34:06] ERROR: Failed to fetch RustyPot items: 403 Client Error: Forbidden for url: https://rustypot.com/api/items
[2025-06-04 21:34:06] WARNING: No items received from RustyPot
[2025-06-04 21:34:08] INFO: Обновление завершено: rustbet - 720/720 предметов за 39.28 сек
[2025-06-04 21:35:06] ERROR: Failed to fetch RustyPot items: 403 Client Error: Forbidden for url: https://rustypot.com/api/items
[2025-06-04 21:35:06] WARNING: No items received from RustyPot
[2025-06-04 21:36:06] ERROR: Failed to fetch RustyPot items: 403 Client Error: Forbidden for url: https://rustypot.com/api/items
[2025-06-04 21:36:06] WARNING: No items received from RustyPot
[2025-06-04 21:37:06] ERROR: Failed to fetch RustyPot items: 403 Client Error: Forbidden for url: https://rustypot.com/api/items
[2025-06-04 21:37:06] WARNING: No items received from RustyPot
[2025-06-04 21:38:06] ERROR: Failed to fetch RustyPot items: 403 Client Error: Forbidden for url: https://rustypot.com/api/items
[2025-06-04 21:38:06] WARNING: No items received from RustyPot
[2025-06-04 21:39:06] ERROR: Failed to fetch RustyPot items: 403 Client Error: Forbidden for url: https://rustypot.com/api/items
[2025-06-04 21:39:06] WARNING: No items received from RustyPot
[2025-06-04 21:40:06] ERROR: Failed to fetch RustyPot items: 403 Client Error: Forbidden for url: https://rustypot.com/api/items
[2025-06-04 21:40:06] WARNING: No items received from RustyPot
[2025-06-04 21:41:06] ERROR: Failed to fetch RustyPot items: 403 Client Error: Forbidden for url: https://rustypot.com/api/items
[2025-06-04 21:41:06] WARNING: No items received from RustyPot
[2025-06-04 21:42:07] ERROR: Failed to fetch RustyPot items: 403 Client Error: Forbidden for url: https://rustypot.com/api/items
[2025-06-04 21:42:07] WARNING: No items received from RustyPot
[2025-06-04 21:43:07] ERROR: Failed to fetch RustyPot items: 403 Client Error: Forbidden for url: https://rustypot.com/api/items
[2025-06-04 21:43:07] WARNING: No items received from RustyPot
[2025-06-04 21:44:07] ERROR: Failed to fetch RustyPot items: 403 Client Error: Forbidden for url: https://rustypot.com/api/items
[2025-06-04 21:44:07] WARNING: No items received from RustyPot
[2025-06-04 21:45:07] ERROR: Failed to fetch RustyPot items: 403 Client Error: Forbidden for url: https://rustypot.com/api/items
[2025-06-04 21:45:07] WARNING: No items received from RustyPot
[2025-06-04 21:46:07] ERROR: Failed to fetch RustyPot items: 403 Client Error: Forbidden for url: https://rustypot.com/api/items
[2025-06-04 21:46:07] WARNING: No items received from RustyPot
[2025-06-04 21:47:07] ERROR: Failed to fetch RustyPot items: 403 Client Error: Forbidden for url: https://rustypot.com/api/items
[2025-06-04 21:47:07] WARNING: No items received from RustyPot
[2025-06-04 21:48:07] ERROR: Failed to fetch RustyPot items: 403 Client Error: Forbidden for url: https://rustypot.com/api/items
[2025-06-04 21:48:07] WARNING: No items received from RustyPot
[2025-06-04 21:49:07] ERROR: Failed to fetch RustyPot items: 403 Client Error: Forbidden for url: https://rustypot.com/api/items
[2025-06-04 21:49:07] WARNING: No items received from RustyPot
[2025-06-04 21:50:07] ERROR: Failed to fetch RustyPot items: 403 Client Error: Forbidden for url: https://rustypot.com/api/items
[2025-06-04 21:50:07] WARNING: No items received from RustyPot
[2025-06-04 21:51:07] ERROR: Failed to fetch RustyPot items: 403 Client Error: Forbidden for url: https://rustypot.com/api/items
[2025-06-04 21:51:07] WARNING: No items received from RustyPot
[2025-06-04 21:52:08] ERROR: Failed to fetch RustyPot items: 403 Client Error: Forbidden for url: https://rustypot.com/api/items
[2025-06-04 21:52:08] WARNING: No items received from RustyPot
[2025-06-04 21:53:08] ERROR: Failed to fetch RustyPot items: 403 Client Error: Forbidden for url: https://rustypot.com/api/items
[2025-06-04 21:53:08] WARNING: No items received from RustyPot
[2025-06-04 21:54:08] ERROR: Failed to fetch RustyPot items: 403 Client Error: Forbidden for url: https://rustypot.com/api/items
[2025-06-04 21:54:08] WARNING: No items received from RustyPot
[2025-06-04 21:55:08] ERROR: Failed to fetch RustyPot items: 403 Client Error: Forbidden for url: https://rustypot.com/api/items
[2025-06-04 21:55:08] WARNING: No items received from RustyPot
[2025-06-04 21:56:08] ERROR: Failed to fetch RustyPot items: 403 Client Error: Forbidden for url: https://rustypot.com/api/items
[2025-06-04 21:56:08] WARNING: No items received from RustyPot
[2025-06-04 21:57:08] ERROR: Failed to fetch RustyPot items: 403 Client Error: Forbidden for url: https://rustypot.com/api/items
[2025-06-04 21:57:08] WARNING: No items received from RustyPot
[2025-06-04 21:58:08] ERROR: Failed to fetch RustyPot items: 403 Client Error: Forbidden for url: https://rustypot.com/api/items
[2025-06-04 21:58:08] WARNING: No items received from RustyPot
[2025-06-04 21:59:08] ERROR: Failed to fetch RustyPot items: 403 Client Error: Forbidden for url: https://rustypot.com/api/items
[2025-06-04 21:59:08] WARNING: No items received from RustyPot
[2025-06-04 22:00:08] ERROR: Failed to fetch RustyPot items: 403 Client Error: Forbidden for url: https://rustypot.com/api/items
[2025-06-04 22:00:08] WARNING: No items received from RustyPot
[2025-06-04 22:01:09] ERROR: Failed to fetch RustyPot items: 403 Client Error: Forbidden for url: https://rustypot.com/api/items
[2025-06-04 22:01:09] WARNING: No items received from RustyPot
[2025-06-04 22:02:09] ERROR: Failed to fetch RustyPot items: 403 Client Error: Forbidden for url: https://rustypot.com/api/items
[2025-06-04 22:02:09] WARNING: No items received from RustyPot
[2025-06-04 22:03:09] ERROR: Failed to fetch RustyPot items: 403 Client Error: Forbidden for url: https://rustypot.com/api/items
[2025-06-04 22:03:09] WARNING: No items received from RustyPot
[2025-06-04 22:03:30] INFO: Следующее обновление в: 2025-06-04 22:03:29.383277
[2025-06-04 22:03:30] INFO: Начато обновление: rustbet
[2025-06-04 22:03:30] INFO: Начато обновление: lootfarm
[2025-06-04 22:03:30] INFO: Начато обновление: swapgg
[2025-06-04 22:03:30] INFO: Начато обновление: cstrade
[2025-06-04 22:03:30] INFO: Обновление завершено: cstrade - 4197/4197 предметов за 0.31 сек
[2025-06-04 22:03:30] INFO: Обновление завершено: lootfarm - 3775/3775 предметов за 0.35 сек
[2025-06-04 22:03:30] INFO: Обновление завершено: swapgg - 2041/2041 предметов за 0.38 сек
[2025-06-04 22:04:05] INFO: Обновление завершено: rustbet - 720/720 предметов за 35.53 сек
[2025-06-04 22:04:09] ERROR: Failed to fetch RustyPot items: 403 Client Error: Forbidden for url: https://rustypot.com/api/items
[2025-06-04 22:04:09] WARNING: No items received from RustyPot
[2025-06-04 22:05:09] ERROR: Failed to fetch RustyPot items: 403 Client Error: Forbidden for url: https://rustypot.com/api/items
[2025-06-04 22:05:09] WARNING: No items received from RustyPot
[2025-06-04 22:06:09] ERROR: Failed to fetch RustyPot items: 403 Client Error: Forbidden for url: https://rustypot.com/api/items
[2025-06-04 22:06:09] WARNING: No items received from RustyPot
[2025-06-04 22:07:09] ERROR: Failed to fetch RustyPot items: 403 Client Error: Forbidden for url: https://rustypot.com/api/items
[2025-06-04 22:07:09] WARNING: No items received from RustyPot
[2025-06-04 22:08:09] ERROR: Failed to fetch RustyPot items: 403 Client Error: Forbidden for url: https://rustypot.com/api/items
[2025-06-04 22:08:09] WARNING: No items received from RustyPot
[2025-06-04 22:09:09] ERROR: Failed to fetch RustyPot items: 403 Client Error: Forbidden for url: https://rustypot.com/api/items
[2025-06-04 22:09:09] WARNING: No items received from RustyPot
[2025-06-04 22:10:09] ERROR: Failed to fetch RustyPot items: 403 Client Error: Forbidden for url: https://rustypot.com/api/items
[2025-06-04 22:10:09] WARNING: No items received from RustyPot
[2025-06-04 22:11:09] ERROR: Failed to fetch RustyPot items: 403 Client Error: Forbidden for url: https://rustypot.com/api/items
[2025-06-04 22:11:09] WARNING: No items received from RustyPot
[2025-06-04 22:12:10] ERROR: Failed to fetch RustyPot items: 403 Client Error: Forbidden for url: https://rustypot.com/api/items
[2025-06-04 22:12:10] WARNING: No items received from RustyPot
[2025-06-04 22:13:10] ERROR: Failed to fetch RustyPot items: 403 Client Error: Forbidden for url: https://rustypot.com/api/items
[2025-06-04 22:13:10] WARNING: No items received from RustyPot
[2025-06-04 22:14:10] ERROR: Failed to fetch RustyPot items: 403 Client Error: Forbidden for url: https://rustypot.com/api/items
[2025-06-04 22:14:10] WARNING: No items received from RustyPot
[2025-06-04 22:15:10] ERROR: Failed to fetch RustyPot items: 403 Client Error: Forbidden for url: https://rustypot.com/api/items
[2025-06-04 22:15:10] WARNING: No items received from RustyPot
[2025-06-04 22:16:10] ERROR: Failed to fetch RustyPot items: 403 Client Error: Forbidden for url: https://rustypot.com/api/items
[2025-06-04 22:16:10] WARNING: No items received from RustyPot
[2025-06-04 22:17:10] ERROR: Failed to fetch RustyPot items: 403 Client Error: Forbidden for url: https://rustypot.com/api/items
[2025-06-04 22:17:10] WARNING: No items received from RustyPot
[2025-06-04 22:18:10] ERROR: Failed to fetch RustyPot items: 403 Client Error: Forbidden for url: https://rustypot.com/api/items
[2025-06-04 22:18:10] WARNING: No items received from RustyPot
[2025-06-04 22:19:10] ERROR: Failed to fetch RustyPot items: 403 Client Error: Forbidden for url: https://rustypot.com/api/items
[2025-06-04 22:19:10] WARNING: No items received from RustyPot
[2025-06-04 22:20:10] ERROR: Failed to fetch RustyPot items: 403 Client Error: Forbidden for url: https://rustypot.com/api/items
[2025-06-04 22:20:10] WARNING: No items received from RustyPot
[2025-06-04 22:21:10] ERROR: Failed to fetch RustyPot items: 403 Client Error: Forbidden for url: https://rustypot.com/api/items
[2025-06-04 22:21:10] WARNING: No items received from RustyPot
[2025-06-04 22:22:10] ERROR: Failed to fetch RustyPot items: 403 Client Error: Forbidden for url: https://rustypot.com/api/items
[2025-06-04 22:22:10] WARNING: No items received from RustyPot
[2025-06-04 22:23:11] ERROR: Failed to fetch RustyPot items: 403 Client Error: Forbidden for url: https://rustypot.com/api/items
[2025-06-04 22:23:11] WARNING: No items received from RustyPot
[2025-06-04 22:24:11] ERROR: Failed to fetch RustyPot items: 403 Client Error: Forbidden for url: https://rustypot.com/api/items
[2025-06-04 22:24:11] WARNING: No items received from RustyPot
[2025-06-04 22:25:11] ERROR: Failed to fetch RustyPot items: 403 Client Error: Forbidden for url: https://rustypot.com/api/items
[2025-06-04 22:25:11] WARNING: No items received from RustyPot
[2025-06-04 22:26:11] ERROR: Failed to fetch RustyPot items: 403 Client Error: Forbidden for url: https://rustypot.com/api/items
[2025-06-04 22:26:11] WARNING: No items received from RustyPot
[2025-06-04 22:27:11] ERROR: Failed to fetch RustyPot items: 403 Client Error: Forbidden for url: https://rustypot.com/api/items
[2025-06-04 22:27:11] WARNING: No items received from RustyPot
[2025-06-04 22:28:11] ERROR: Failed to fetch RustyPot items: 403 Client Error: Forbidden for url: https://rustypot.com/api/items
[2025-06-04 22:28:11] WARNING: No items received from RustyPot
[2025-06-04 22:29:11] ERROR: Failed to fetch RustyPot items: 403 Client Error: Forbidden for url: https://rustypot.com/api/items
[2025-06-04 22:29:11] WARNING: No items received from RustyPot
[2025-06-04 22:30:11] ERROR: Failed to fetch RustyPot items: 403 Client Error: Forbidden for url: https://rustypot.com/api/items
[2025-06-04 22:30:11] WARNING: No items received from RustyPot
[2025-06-04 22:31:11] ERROR: Failed to fetch RustyPot items: 403 Client Error: Forbidden for url: https://rustypot.com/api/items
[2025-06-04 22:31:11] WARNING: No items received from RustyPot
[2025-06-04 22:32:11] ERROR: Failed to fetch RustyPot items: 403 Client Error: Forbidden for url: https://rustypot.com/api/items
[2025-06-04 22:32:11] WARNING: No items received from RustyPot
[2025-06-04 22:33:11] ERROR: Failed to fetch RustyPot items: 403 Client Error: Forbidden for url: https://rustypot.com/api/items
[2025-06-04 22:33:11] WARNING: No items received from RustyPot
[2025-06-04 22:33:30] INFO: Следующее обновление в: 2025-06-04 22:33:30.327487
[2025-06-04 22:33:30] INFO: Начато обновление: rustbet
[2025-06-04 22:33:30] INFO: Начато обновление: lootfarm
[2025-06-04 22:33:30] INFO: Начато обновление: swapgg
[2025-06-04 22:33:30] INFO: Начато обновление: cstrade
[2025-06-04 22:33:30] INFO: Обновление завершено: swapgg - 2032/2032 предметов за 0.24 сек
[2025-06-04 22:33:30] INFO: Обновление завершено: cstrade - 4197/4197 предметов за 0.34 сек
[2025-06-04 22:33:30] INFO: Обновление завершено: lootfarm - 3775/3775 предметов за 0.37 сек
[2025-06-04 22:34:11] ERROR: Failed to fetch RustyPot items: 403 Client Error: Forbidden for url: https://rustypot.com/api/items
[2025-06-04 22:34:11] WARNING: No items received from RustyPot
[2025-06-04 22:34:29] INFO: Обновление завершено: rustbet - 720/720 предметов за 58.61 сек
[2025-06-04 22:35:12] ERROR: Failed to fetch RustyPot items: 403 Client Error: Forbidden for url: https://rustypot.com/api/items
[2025-06-04 22:35:12] WARNING: No items received from RustyPot
[2025-06-04 22:36:12] ERROR: Failed to fetch RustyPot items: 403 Client Error: Forbidden for url: https://rustypot.com/api/items
[2025-06-04 22:36:12] WARNING: No items received from RustyPot
[2025-06-04 22:37:12] ERROR: Failed to fetch RustyPot items: 403 Client Error: Forbidden for url: https://rustypot.com/api/items
[2025-06-04 22:37:12] WARNING: No items received from RustyPot
[2025-06-04 22:38:12] ERROR: Failed to fetch RustyPot items: 403 Client Error: Forbidden for url: https://rustypot.com/api/items
[2025-06-04 22:38:12] WARNING: No items received from RustyPot
[2025-06-04 22:39:12] ERROR: Failed to fetch RustyPot items: 403 Client Error: Forbidden for url: https://rustypot.com/api/items
[2025-06-04 22:39:12] WARNING: No items received from RustyPot
[2025-06-04 22:40:12] ERROR: Failed to fetch RustyPot items: 403 Client Error: Forbidden for url: https://rustypot.com/api/items
[2025-06-04 22:40:12] WARNING: No items received from RustyPot
[2025-06-04 22:41:12] ERROR: Failed to fetch RustyPot items: 403 Client Error: Forbidden for url: https://rustypot.com/api/items
[2025-06-04 22:41:12] WARNING: No items received from RustyPot
[2025-06-04 22:42:12] ERROR: Failed to fetch RustyPot items: 403 Client Error: Forbidden for url: https://rustypot.com/api/items
[2025-06-04 22:42:12] WARNING: No items received from RustyPot
[2025-06-04 22:43:12] ERROR: Failed to fetch RustyPot items: 403 Client Error: Forbidden for url: https://rustypot.com/api/items
[2025-06-04 22:43:12] WARNING: No items received from RustyPot
[2025-06-04 22:44:12] ERROR: Failed to fetch RustyPot items: 403 Client Error: Forbidden for url: https://rustypot.com/api/items
[2025-06-04 22:44:12] WARNING: No items received from RustyPot
[2025-06-04 22:45:13] ERROR: Failed to fetch RustyPot items: 403 Client Error: Forbidden for url: https://rustypot.com/api/items
[2025-06-04 22:45:13] WARNING: No items received from RustyPot
[2025-06-04 22:46:13] ERROR: Failed to fetch RustyPot items: 403 Client Error: Forbidden for url: https://rustypot.com/api/items
[2025-06-04 22:46:13] WARNING: No items received from RustyPot
[2025-06-04 22:47:13] ERROR: Failed to fetch RustyPot items: 403 Client Error: Forbidden for url: https://rustypot.com/api/items
[2025-06-04 22:47:13] WARNING: No items received from RustyPot
[2025-06-04 22:48:13] ERROR: Failed to fetch RustyPot items: 403 Client Error: Forbidden for url: https://rustypot.com/api/items
[2025-06-04 22:48:13] WARNING: No items received from RustyPot
[2025-06-04 22:49:13] ERROR: Failed to fetch RustyPot items: 403 Client Error: Forbidden for url: https://rustypot.com/api/items
[2025-06-04 22:49:13] WARNING: No items received from RustyPot
[2025-06-04 22:50:13] ERROR: Failed to fetch RustyPot items: 403 Client Error: Forbidden for url: https://rustypot.com/api/items
[2025-06-04 22:50:13] WARNING: No items received from RustyPot
[2025-06-04 22:51:13] ERROR: Failed to fetch RustyPot items: 403 Client Error: Forbidden for url: https://rustypot.com/api/items
[2025-06-04 22:51:13] WARNING: No items received from RustyPot
[2025-06-04 22:52:13] ERROR: Failed to fetch RustyPot items: 403 Client Error: Forbidden for url: https://rustypot.com/api/items
[2025-06-04 22:52:13] WARNING: No items received from RustyPot
[2025-06-04 22:53:13] ERROR: Failed to fetch RustyPot items: 403 Client Error: Forbidden for url: https://rustypot.com/api/items
[2025-06-04 22:53:13] WARNING: No items received from RustyPot
[2025-06-04 22:54:13] ERROR: Failed to fetch RustyPot items: 403 Client Error: Forbidden for url: https://rustypot.com/api/items
[2025-06-04 22:54:13] WARNING: No items received from RustyPot
[2025-06-04 22:55:14] ERROR: Failed to fetch RustyPot items: 403 Client Error: Forbidden for url: https://rustypot.com/api/items
[2025-06-04 22:55:14] WARNING: No items received from RustyPot
[2025-06-04 22:56:14] ERROR: Failed to fetch RustyPot items: 403 Client Error: Forbidden for url: https://rustypot.com/api/items
[2025-06-04 22:56:14] WARNING: No items received from RustyPot
[2025-06-04 22:57:14] ERROR: Failed to fetch RustyPot items: 403 Client Error: Forbidden for url: https://rustypot.com/api/items
[2025-06-04 22:57:14] WARNING: No items received from RustyPot
[2025-06-04 22:58:14] ERROR: Failed to fetch RustyPot items: 403 Client Error: Forbidden for url: https://rustypot.com/api/items
[2025-06-04 22:58:14] WARNING: No items received from RustyPot
[2025-06-04 22:59:14] ERROR: Failed to fetch RustyPot items: 403 Client Error: Forbidden for url: https://rustypot.com/api/items
[2025-06-04 22:59:14] WARNING: No items received from RustyPot
[2025-06-04 23:00:14] ERROR: Failed to fetch RustyPot items: 403 Client Error: Forbidden for url: https://rustypot.com/api/items
[2025-06-04 23:00:14] WARNING: No items received from RustyPot
[2025-06-04 23:01:14] ERROR: Failed to fetch RustyPot items: 403 Client Error: Forbidden for url: https://rustypot.com/api/items
[2025-06-04 23:01:14] WARNING: No items received from RustyPot
[2025-06-04 23:02:14] ERROR: Failed to fetch RustyPot items: 403 Client Error: Forbidden for url: https://rustypot.com/api/items
[2025-06-04 23:02:14] WARNING: No items received from RustyPot
[2025-06-04 23:03:14] ERROR: Failed to fetch RustyPot items: 403 Client Error: Forbidden for url: https://rustypot.com/api/items
[2025-06-04 23:03:14] WARNING: No items received from RustyPot
[2025-06-04 23:03:30] INFO: Следующее обновление в: 2025-06-04 23:03:30.504384
[2025-06-04 23:03:30] INFO: Начато обновление: rustbet
[2025-06-04 23:03:30] INFO: Начато обновление: lootfarm
[2025-06-04 23:03:30] INFO: Начато обновление: swapgg
[2025-06-04 23:03:30] INFO: Начато обновление: cstrade
[2025-06-04 23:03:31] INFO: Обновление завершено: cstrade - 4195/4195 предметов за 0.26 сек
[2025-06-04 23:03:31] INFO: Обновление завершено: swapgg - 2031/2031 предметов за 0.28 сек
[2025-06-04 23:03:31] INFO: Обновление завершено: lootfarm - 3775/3775 предметов за 0.36 сек
[2025-06-04 23:04:12] INFO: Обновление завершено: rustbet - 720/720 предметов за 41.64 сек
[2025-06-04 23:04:14] ERROR: Failed to fetch RustyPot items: 403 Client Error: Forbidden for url: https://rustypot.com/api/items
[2025-06-04 23:04:14] WARNING: No items received from RustyPot
[2025-06-04 23:05:15] ERROR: Failed to fetch RustyPot items: 403 Client Error: Forbidden for url: https://rustypot.com/api/items
[2025-06-04 23:05:15] WARNING: No items received from RustyPot
[2025-06-04 23:06:15] ERROR: Failed to fetch RustyPot items: 403 Client Error: Forbidden for url: https://rustypot.com/api/items
[2025-06-04 23:06:15] WARNING: No items received from RustyPot
[2025-06-04 23:07:15] ERROR: Failed to fetch RustyPot items: 403 Client Error: Forbidden for url: https://rustypot.com/api/items
[2025-06-04 23:07:15] WARNING: No items received from RustyPot
[2025-06-04 23:08:15] ERROR: Failed to fetch RustyPot items: 403 Client Error: Forbidden for url: https://rustypot.com/api/items
[2025-06-04 23:08:15] WARNING: No items received from RustyPot
[2025-06-04 23:09:15] ERROR: Failed to fetch RustyPot items: 403 Client Error: Forbidden for url: https://rustypot.com/api/items
[2025-06-04 23:09:15] WARNING: No items received from RustyPot
[2025-06-04 23:10:15] ERROR: Failed to fetch RustyPot items: 403 Client Error: Forbidden for url: https://rustypot.com/api/items
[2025-06-04 23:10:15] WARNING: No items received from RustyPot
[2025-06-04 23:11:15] ERROR: Failed to fetch RustyPot items: 403 Client Error: Forbidden for url: https://rustypot.com/api/items
[2025-06-04 23:11:15] WARNING: No items received from RustyPot
[2025-06-04 23:12:15] ERROR: Failed to fetch RustyPot items: 403 Client Error: Forbidden for url: https://rustypot.com/api/items
[2025-06-04 23:12:15] WARNING: No items received from RustyPot
[2025-06-04 23:13:15] ERROR: Failed to fetch RustyPot items: 403 Client Error: Forbidden for url: https://rustypot.com/api/items
[2025-06-04 23:13:15] WARNING: No items received from RustyPot
[2025-06-04 23:14:15] ERROR: Failed to fetch RustyPot items: 403 Client Error: Forbidden for url: https://rustypot.com/api/items
[2025-06-04 23:14:15] WARNING: No items received from RustyPot
[2025-06-04 23:15:15] ERROR: Failed to fetch RustyPot items: 403 Client Error: Forbidden for url: https://rustypot.com/api/items
[2025-06-04 23:15:15] WARNING: No items received from RustyPot
[2025-06-04 23:16:15] ERROR: Failed to fetch RustyPot items: 403 Client Error: Forbidden for url: https://rustypot.com/api/items
[2025-06-04 23:16:15] WARNING: No items received from RustyPot
[2025-06-04 23:17:16] ERROR: Failed to fetch RustyPot items: 403 Client Error: Forbidden for url: https://rustypot.com/api/items
[2025-06-04 23:17:16] WARNING: No items received from RustyPot
[2025-06-04 23:18:16] ERROR: Failed to fetch RustyPot items: 403 Client Error: Forbidden for url: https://rustypot.com/api/items
[2025-06-04 23:18:16] WARNING: No items received from RustyPot
[2025-06-04 23:19:16] ERROR: Failed to fetch RustyPot items: 403 Client Error: Forbidden for url: https://rustypot.com/api/items
[2025-06-04 23:19:16] WARNING: No items received from RustyPot
[2025-06-04 23:20:16] ERROR: Failed to fetch RustyPot items: 403 Client Error: Forbidden for url: https://rustypot.com/api/items
[2025-06-04 23:20:16] WARNING: No items received from RustyPot
[2025-06-04 23:21:16] ERROR: Failed to fetch RustyPot items: 403 Client Error: Forbidden for url: https://rustypot.com/api/items
[2025-06-04 23:21:16] WARNING: No items received from RustyPot
[2025-06-04 23:22:16] ERROR: Failed to fetch RustyPot items: 403 Client Error: Forbidden for url: https://rustypot.com/api/items
[2025-06-04 23:22:16] WARNING: No items received from RustyPot
[2025-06-04 23:23:16] ERROR: Failed to fetch RustyPot items: 403 Client Error: Forbidden for url: https://rustypot.com/api/items
[2025-06-04 23:23:16] WARNING: No items received from RustyPot
[2025-06-04 23:24:16] ERROR: Failed to fetch RustyPot items: 403 Client Error: Forbidden for url: https://rustypot.com/api/items
[2025-06-04 23:24:16] WARNING: No items received from RustyPot
[2025-06-04 23:25:16] ERROR: Failed to fetch RustyPot items: 403 Client Error: Forbidden for url: https://rustypot.com/api/items
[2025-06-04 23:25:16] WARNING: No items received from RustyPot
[2025-06-04 23:26:16] ERROR: Failed to fetch RustyPot items: 403 Client Error: Forbidden for url: https://rustypot.com/api/items
[2025-06-04 23:26:16] WARNING: No items received from RustyPot
[2025-06-04 23:27:16] ERROR: Failed to fetch RustyPot items: 403 Client Error: Forbidden for url: https://rustypot.com/api/items
[2025-06-04 23:27:16] WARNING: No items received from RustyPot
[2025-06-04 23:28:17] ERROR: Failed to fetch RustyPot items: 403 Client Error: Forbidden for url: https://rustypot.com/api/items
[2025-06-04 23:28:17] WARNING: No items received from RustyPot
[2025-06-04 23:29:17] ERROR: Failed to fetch RustyPot items: 403 Client Error: Forbidden for url: https://rustypot.com/api/items
[2025-06-04 23:29:17] WARNING: No items received from RustyPot
[2025-06-04 23:30:17] ERROR: Failed to fetch RustyPot items: 403 Client Error: Forbidden for url: https://rustypot.com/api/items
[2025-06-04 23:30:17] WARNING: No items received from RustyPot
[2025-06-04 23:31:17] ERROR: Failed to fetch RustyPot items: 403 Client Error: Forbidden for url: https://rustypot.com/api/items
[2025-06-04 23:31:17] WARNING: No items received from RustyPot
[2025-06-04 23:32:17] ERROR: Failed to fetch RustyPot items: 403 Client Error: Forbidden for url: https://rustypot.com/api/items
[2025-06-04 23:32:17] WARNING: No items received from RustyPot
[2025-06-04 23:33:17] ERROR: Failed to fetch RustyPot items: 403 Client Error: Forbidden for url: https://rustypot.com/api/items
[2025-06-04 23:33:17] WARNING: No items received from RustyPot
[2025-06-04 23:33:31] INFO: Следующее обновление в: 2025-06-04 23:33:30.756045
[2025-06-04 23:33:31] INFO: Начато обновление: rustbet
[2025-06-04 23:33:31] INFO: Начато обновление: lootfarm
[2025-06-04 23:33:31] INFO: Начато обновление: swapgg
[2025-06-04 23:33:31] INFO: Начато обновление: cstrade
[2025-06-04 23:33:31] INFO: Обновление завершено: swapgg - 2060/2060 предметов за 0.29 сек
[2025-06-04 23:33:31] INFO: Обновление завершено: cstrade - 4195/4195 предметов за 0.31 сек
[2025-06-04 23:33:31] INFO: Обновление завершено: lootfarm - 3770/3770 предметов за 0.39 сек
[2025-06-04 23:34:17] ERROR: Failed to fetch RustyPot items: 403 Client Error: Forbidden for url: https://rustypot.com/api/items
[2025-06-04 23:34:17] WARNING: No items received from RustyPot
[2025-06-04 23:34:21] INFO: Обновление завершено: rustbet - 720/720 предметов за 50.80 сек
[2025-06-04 23:35:17] ERROR: Failed to fetch RustyPot items: 403 Client Error: Forbidden for url: https://rustypot.com/api/items
[2025-06-04 23:35:17] WARNING: No items received from RustyPot
[2025-06-04 23:36:17] ERROR: Failed to fetch RustyPot items: 403 Client Error: Forbidden for url: https://rustypot.com/api/items
[2025-06-04 23:36:17] WARNING: No items received from RustyPot
[2025-06-04 23:37:17] ERROR: Failed to fetch RustyPot items: 403 Client Error: Forbidden for url: https://rustypot.com/api/items
[2025-06-04 23:37:17] WARNING: No items received from RustyPot
[2025-06-04 23:38:17] ERROR: Failed to fetch RustyPot items: 403 Client Error: Forbidden for url: https://rustypot.com/api/items
[2025-06-04 23:38:17] WARNING: No items received from RustyPot
[2025-06-04 23:39:18] ERROR: Failed to fetch RustyPot items: 403 Client Error: Forbidden for url: https://rustypot.com/api/items
[2025-06-04 23:39:18] WARNING: No items received from RustyPot
[2025-06-04 23:40:18] ERROR: Failed to fetch RustyPot items: 403 Client Error: Forbidden for url: https://rustypot.com/api/items
[2025-06-04 23:40:18] WARNING: No items received from RustyPot
[2025-06-04 23:41:18] ERROR: Failed to fetch RustyPot items: 403 Client Error: Forbidden for url: https://rustypot.com/api/items
[2025-06-04 23:41:18] WARNING: No items received from RustyPot
[2025-06-04 23:42:18] ERROR: Failed to fetch RustyPot items: 403 Client Error: Forbidden for url: https://rustypot.com/api/items
[2025-06-04 23:42:18] WARNING: No items received from RustyPot
[2025-06-04 23:43:18] ERROR: Failed to fetch RustyPot items: 403 Client Error: Forbidden for url: https://rustypot.com/api/items
[2025-06-04 23:43:18] WARNING: No items received from RustyPot
[2025-06-04 23:44:18] ERROR: Failed to fetch RustyPot items: 403 Client Error: Forbidden for url: https://rustypot.com/api/items
[2025-06-04 23:44:18] WARNING: No items received from RustyPot
[2025-06-04 23:45:18] ERROR: Failed to fetch RustyPot items: 403 Client Error: Forbidden for url: https://rustypot.com/api/items
[2025-06-04 23:45:18] WARNING: No items received from RustyPot
[2025-06-04 23:46:18] ERROR: Failed to fetch RustyPot items: 403 Client Error: Forbidden for url: https://rustypot.com/api/items
[2025-06-04 23:46:18] WARNING: No items received from RustyPot
[2025-06-04 23:47:18] ERROR: Failed to fetch RustyPot items: 403 Client Error: Forbidden for url: https://rustypot.com/api/items
[2025-06-04 23:47:18] WARNING: No items received from RustyPot
[2025-06-04 23:48:18] ERROR: Failed to fetch RustyPot items: 403 Client Error: Forbidden for url: https://rustypot.com/api/items
[2025-06-04 23:48:18] WARNING: No items received from RustyPot
[2025-06-04 23:49:18] ERROR: Failed to fetch RustyPot items: 403 Client Error: Forbidden for url: https://rustypot.com/api/items
[2025-06-04 23:49:18] WARNING: No items received from RustyPot
[2025-06-04 23:50:19] ERROR: Failed to fetch RustyPot items: 403 Client Error: Forbidden for url: https://rustypot.com/api/items
[2025-06-04 23:50:19] WARNING: No items received from RustyPot
[2025-06-04 23:51:19] ERROR: Failed to fetch RustyPot items: 403 Client Error: Forbidden for url: https://rustypot.com/api/items
[2025-06-04 23:51:19] WARNING: No items received from RustyPot
[2025-06-04 23:52:19] ERROR: Failed to fetch RustyPot items: 403 Client Error: Forbidden for url: https://rustypot.com/api/items
[2025-06-04 23:52:19] WARNING: No items received from RustyPot
[2025-06-04 23:53:19] ERROR: Failed to fetch RustyPot items: 403 Client Error: Forbidden for url: https://rustypot.com/api/items
[2025-06-04 23:53:19] WARNING: No items received from RustyPot
[2025-06-04 23:54:19] ERROR: Failed to fetch RustyPot items: 403 Client Error: Forbidden for url: https://rustypot.com/api/items
[2025-06-04 23:54:19] WARNING: No items received from RustyPot
[2025-06-04 23:55:19] ERROR: Failed to fetch RustyPot items: 403 Client Error: Forbidden for url: https://rustypot.com/api/items
[2025-06-04 23:55:19] WARNING: No items received from RustyPot
[2025-06-04 23:56:19] ERROR: Failed to fetch RustyPot items: 403 Client Error: Forbidden for url: https://rustypot.com/api/items
[2025-06-04 23:56:19] WARNING: No items received from RustyPot
[2025-06-04 23:57:19] ERROR: Failed to fetch RustyPot items: 403 Client Error: Forbidden for url: https://rustypot.com/api/items
[2025-06-04 23:57:19] WARNING: No items received from RustyPot
[2025-06-04 23:58:19] ERROR: Failed to fetch RustyPot items: 403 Client Error: Forbidden for url: https://rustypot.com/api/items
[2025-06-04 23:58:19] WARNING: No items received from RustyPot
[2025-06-04 23:59:19] ERROR: Failed to fetch RustyPot items: 403 Client Error: Forbidden for url: https://rustypot.com/api/items
[2025-06-04 23:59:19] WARNING: No items received from RustyPot
[2025-06-05 00:00:20] ERROR: Failed to fetch RustyPot items: 403 Client Error: Forbidden for url: https://rustypot.com/api/items
[2025-06-05 00:00:20] WARNING: No items received from RustyPot
[2025-06-05 00:01:20] ERROR: Failed to fetch RustyPot items: 403 Client Error: Forbidden for url: https://rustypot.com/api/items
[2025-06-05 00:01:20] WARNING: No items received from RustyPot
[2025-06-05 00:02:20] ERROR: Failed to fetch RustyPot items: 403 Client Error: Forbidden for url: https://rustypot.com/api/items
[2025-06-05 00:02:20] WARNING: No items received from RustyPot
[2025-06-05 00:03:20] ERROR: Failed to fetch RustyPot items: 403 Client Error: Forbidden for url: https://rustypot.com/api/items
[2025-06-05 00:03:20] WARNING: No items received from RustyPot
[2025-06-05 00:03:31] INFO: Следующее обновление в: 2025-06-05 00:03:31.023117
[2025-06-05 00:03:31] INFO: Начато обновление: rustbet
[2025-06-05 00:03:31] INFO: Начато обновление: lootfarm
[2025-06-05 00:03:31] INFO: Начато обновление: swapgg
[2025-06-05 00:03:31] INFO: Начато обновление: cstrade
[2025-06-05 00:03:31] INFO: Обновление завершено: cstrade - 4196/4196 предметов за 0.28 сек
[2025-06-05 00:03:31] INFO: Обновление завершено: swapgg - 2055/2055 предметов за 0.30 сек
[2025-06-05 00:03:31] INFO: Обновление завершено: lootfarm - 3768/3768 предметов за 0.39 сек
[2025-06-05 00:04:15] INFO: Обновление завершено: rustbet - 720/720 предметов за 44.43 сек
[2025-06-05 00:04:20] ERROR: Failed to fetch RustyPot items: 403 Client Error: Forbidden for url: https://rustypot.com/api/items
[2025-06-05 00:04:20] WARNING: No items received from RustyPot
[2025-06-05 00:05:20] ERROR: Failed to fetch RustyPot items: 403 Client Error: Forbidden for url: https://rustypot.com/api/items
[2025-06-05 00:05:20] WARNING: No items received from RustyPot
[2025-06-05 00:06:20] ERROR: Failed to fetch RustyPot items: 403 Client Error: Forbidden for url: https://rustypot.com/api/items
[2025-06-05 00:06:20] WARNING: No items received from RustyPot
[2025-06-05 00:07:20] ERROR: Failed to fetch RustyPot items: 403 Client Error: Forbidden for url: https://rustypot.com/api/items
[2025-06-05 00:07:20] WARNING: No items received from RustyPot
[2025-06-05 00:08:20] ERROR: Failed to fetch RustyPot items: 403 Client Error: Forbidden for url: https://rustypot.com/api/items
[2025-06-05 00:08:20] WARNING: No items received from RustyPot
[2025-06-05 00:09:20] ERROR: Failed to fetch RustyPot items: 403 Client Error: Forbidden for url: https://rustypot.com/api/items
[2025-06-05 00:09:20] WARNING: No items received from RustyPot
[2025-06-05 00:10:20] ERROR: Failed to fetch RustyPot items: 403 Client Error: Forbidden for url: https://rustypot.com/api/items
[2025-06-05 00:10:20] WARNING: No items received from RustyPot
[2025-06-05 00:11:20] ERROR: Failed to fetch RustyPot items: 403 Client Error: Forbidden for url: https://rustypot.com/api/items
[2025-06-05 00:11:20] WARNING: No items received from RustyPot
[2025-06-05 00:12:21] ERROR: Failed to fetch RustyPot items: 403 Client Error: Forbidden for url: https://rustypot.com/api/items
[2025-06-05 00:12:21] WARNING: No items received from RustyPot
[2025-06-05 00:13:21] ERROR: Failed to fetch RustyPot items: 403 Client Error: Forbidden for url: https://rustypot.com/api/items
[2025-06-05 00:13:21] WARNING: No items received from RustyPot
[2025-06-05 00:14:21] ERROR: Failed to fetch RustyPot items: 403 Client Error: Forbidden for url: https://rustypot.com/api/items
[2025-06-05 00:14:21] WARNING: No items received from RustyPot
[2025-06-05 00:15:21] ERROR: Failed to fetch RustyPot items: 403 Client Error: Forbidden for url: https://rustypot.com/api/items
[2025-06-05 00:15:21] WARNING: No items received from RustyPot
[2025-06-05 00:16:21] ERROR: Failed to fetch RustyPot items: 403 Client Error: Forbidden for url: https://rustypot.com/api/items
[2025-06-05 00:16:21] WARNING: No items received from RustyPot
[2025-06-05 00:17:21] ERROR: Failed to fetch RustyPot items: 403 Client Error: Forbidden for url: https://rustypot.com/api/items
[2025-06-05 00:17:21] WARNING: No items received from RustyPot
[2025-06-05 00:18:21] ERROR: Failed to fetch RustyPot items: 403 Client Error: Forbidden for url: https://rustypot.com/api/items
[2025-06-05 00:18:21] WARNING: No items received from RustyPot
[2025-06-05 00:19:21] ERROR: Failed to fetch RustyPot items: 403 Client Error: Forbidden for url: https://rustypot.com/api/items
[2025-06-05 00:19:21] WARNING: No items received from RustyPot
[2025-06-05 00:20:21] ERROR: Failed to fetch RustyPot items: 403 Client Error: Forbidden for url: https://rustypot.com/api/items
[2025-06-05 00:20:21] WARNING: No items received from RustyPot
[2025-06-05 00:21:21] ERROR: Failed to fetch RustyPot items: 403 Client Error: Forbidden for url: https://rustypot.com/api/items
[2025-06-05 00:21:21] WARNING: No items received from RustyPot
[2025-06-05 00:22:21] ERROR: Failed to fetch RustyPot items: 403 Client Error: Forbidden for url: https://rustypot.com/api/items
[2025-06-05 00:22:21] WARNING: No items received from RustyPot
[2025-06-05 00:23:21] ERROR: Failed to fetch RustyPot items: 403 Client Error: Forbidden for url: https://rustypot.com/api/items
[2025-06-05 00:23:21] WARNING: No items received from RustyPot
[2025-06-05 00:24:21] ERROR: Failed to fetch RustyPot items: 403 Client Error: Forbidden for url: https://rustypot.com/api/items
[2025-06-05 00:24:21] WARNING: No items received from RustyPot
[2025-06-05 00:25:22] ERROR: Failed to fetch RustyPot items: 403 Client Error: Forbidden for url: https://rustypot.com/api/items
[2025-06-05 00:25:22] WARNING: No items received from RustyPot
[2025-06-05 00:26:22] ERROR: Failed to fetch RustyPot items: 403 Client Error: Forbidden for url: https://rustypot.com/api/items
[2025-06-05 00:26:22] WARNING: No items received from RustyPot
[2025-06-05 00:27:22] ERROR: Failed to fetch RustyPot items: 403 Client Error: Forbidden for url: https://rustypot.com/api/items
[2025-06-05 00:27:22] WARNING: No items received from RustyPot
[2025-06-05 00:28:22] ERROR: Failed to fetch RustyPot items: 403 Client Error: Forbidden for url: https://rustypot.com/api/items
[2025-06-05 00:28:22] WARNING: No items received from RustyPot
[2025-06-05 00:29:22] ERROR: Failed to fetch RustyPot items: 403 Client Error: Forbidden for url: https://rustypot.com/api/items
[2025-06-05 00:29:22] WARNING: No items received from RustyPot
[2025-06-05 00:30:22] ERROR: Failed to fetch RustyPot items: 403 Client Error: Forbidden for url: https://rustypot.com/api/items
[2025-06-05 00:30:22] WARNING: No items received from RustyPot
[2025-06-05 00:31:22] ERROR: Failed to fetch RustyPot items: 403 Client Error: Forbidden for url: https://rustypot.com/api/items
[2025-06-05 00:31:22] WARNING: No items received from RustyPot
[2025-06-05 00:32:22] ERROR: Failed to fetch RustyPot items: 403 Client Error: Forbidden for url: https://rustypot.com/api/items
[2025-06-05 00:32:22] WARNING: No items received from RustyPot
[2025-06-05 00:33:22] ERROR: Failed to fetch RustyPot items: 403 Client Error: Forbidden for url: https://rustypot.com/api/items
[2025-06-05 00:33:22] WARNING: No items received from RustyPot
[2025-06-05 00:33:31] INFO: Следующее обновление в: 2025-06-05 00:33:31.468719
[2025-06-05 00:33:31] INFO: Начато обновление: rustbet
[2025-06-05 00:33:31] INFO: Начато обновление: lootfarm
[2025-06-05 00:33:31] INFO: Начато обновление: swapgg
[2025-06-05 00:33:31] INFO: Начато обновление: cstrade
[2025-06-05 00:33:31] INFO: Обновление завершено: swapgg - 2049/2049 предметов за 0.25 сек
[2025-06-05 00:33:31] INFO: Обновление завершено: lootfarm - 3768/3768 предметов за 0.28 сек
[2025-06-05 00:33:31] INFO: Обновление завершено: cstrade - 4196/4196 предметов за 0.34 сек
[2025-06-05 00:34:09] INFO: Обновление завершено: rustbet - 720/720 предметов за 38.30 сек
[2025-06-05 00:34:22] ERROR: Failed to fetch RustyPot items: 403 Client Error: Forbidden for url: https://rustypot.com/api/items
[2025-06-05 00:34:22] WARNING: No items received from RustyPot
[2025-06-05 00:35:22] ERROR: Failed to fetch RustyPot items: 403 Client Error: Forbidden for url: https://rustypot.com/api/items
[2025-06-05 00:35:22] WARNING: No items received from RustyPot
[2025-06-05 00:36:22] ERROR: Failed to fetch RustyPot items: 403 Client Error: Forbidden for url: https://rustypot.com/api/items
[2025-06-05 00:36:22] WARNING: No items received from RustyPot
[2025-06-05 00:37:23] ERROR: Failed to fetch RustyPot items: 403 Client Error: Forbidden for url: https://rustypot.com/api/items
[2025-06-05 00:37:23] WARNING: No items received from RustyPot
[2025-06-05 00:38:23] ERROR: Failed to fetch RustyPot items: 403 Client Error: Forbidden for url: https://rustypot.com/api/items
[2025-06-05 00:38:23] WARNING: No items received from RustyPot
[2025-06-05 00:39:23] ERROR: Failed to fetch RustyPot items: 403 Client Error: Forbidden for url: https://rustypot.com/api/items
[2025-06-05 00:39:23] WARNING: No items received from RustyPot
[2025-06-05 00:40:23] ERROR: Failed to fetch RustyPot items: 403 Client Error: Forbidden for url: https://rustypot.com/api/items
[2025-06-05 00:40:23] WARNING: No items received from RustyPot
[2025-06-05 00:41:23] ERROR: Failed to fetch RustyPot items: 403 Client Error: Forbidden for url: https://rustypot.com/api/items
[2025-06-05 00:41:23] WARNING: No items received from RustyPot
[2025-06-05 00:42:23] ERROR: Failed to fetch RustyPot items: 403 Client Error: Forbidden for url: https://rustypot.com/api/items
[2025-06-05 00:42:23] WARNING: No items received from RustyPot
[2025-06-05 00:43:23] ERROR: Failed to fetch RustyPot items: 403 Client Error: Forbidden for url: https://rustypot.com/api/items
[2025-06-05 00:43:23] WARNING: No items received from RustyPot
[2025-06-05 00:44:23] ERROR: Failed to fetch RustyPot items: 403 Client Error: Forbidden for url: https://rustypot.com/api/items
[2025-06-05 00:44:23] WARNING: No items received from RustyPot
[2025-06-05 00:45:23] ERROR: Failed to fetch RustyPot items: 403 Client Error: Forbidden for url: https://rustypot.com/api/items
[2025-06-05 00:45:23] WARNING: No items received from RustyPot
[2025-06-05 00:46:23] ERROR: Failed to fetch RustyPot items: 403 Client Error: Forbidden for url: https://rustypot.com/api/items
[2025-06-05 00:46:23] WARNING: No items received from RustyPot
[2025-06-05 00:47:23] ERROR: Failed to fetch RustyPot items: 403 Client Error: Forbidden for url: https://rustypot.com/api/items
[2025-06-05 00:47:23] WARNING: No items received from RustyPot
[2025-06-05 00:48:23] ERROR: Failed to fetch RustyPot items: 403 Client Error: Forbidden for url: https://rustypot.com/api/items
[2025-06-05 00:48:23] WARNING: No items received from RustyPot
[2025-06-05 00:49:23] ERROR: Failed to fetch RustyPot items: 403 Client Error: Forbidden for url: https://rustypot.com/api/items
[2025-06-05 00:49:23] WARNING: No items received from RustyPot
[2025-06-05 00:50:24] ERROR: Failed to fetch RustyPot items: 403 Client Error: Forbidden for url: https://rustypot.com/api/items
[2025-06-05 00:50:24] WARNING: No items received from RustyPot
[2025-06-05 00:51:24] ERROR: Failed to fetch RustyPot items: 403 Client Error: Forbidden for url: https://rustypot.com/api/items
[2025-06-05 00:51:24] WARNING: No items received from RustyPot
[2025-06-05 00:52:24] ERROR: Failed to fetch RustyPot items: 403 Client Error: Forbidden for url: https://rustypot.com/api/items
[2025-06-05 00:52:24] WARNING: No items received from RustyPot
[2025-06-05 00:53:24] ERROR: Failed to fetch RustyPot items: 403 Client Error: Forbidden for url: https://rustypot.com/api/items
[2025-06-05 00:53:24] WARNING: No items received from RustyPot
[2025-06-05 00:54:24] ERROR: Failed to fetch RustyPot items: 403 Client Error: Forbidden for url: https://rustypot.com/api/items
[2025-06-05 00:54:24] WARNING: No items received from RustyPot
[2025-06-05 00:55:24] ERROR: Failed to fetch RustyPot items: 403 Client Error: Forbidden for url: https://rustypot.com/api/items
[2025-06-05 00:55:24] WARNING: No items received from RustyPot
[2025-06-05 00:56:24] ERROR: Failed to fetch RustyPot items: 403 Client Error: Forbidden for url: https://rustypot.com/api/items
[2025-06-05 00:56:24] WARNING: No items received from RustyPot
[2025-06-05 00:57:24] ERROR: Failed to fetch RustyPot items: 403 Client Error: Forbidden for url: https://rustypot.com/api/items
[2025-06-05 00:57:24] WARNING: No items received from RustyPot
[2025-06-05 00:58:24] ERROR: Failed to fetch RustyPot items: 403 Client Error: Forbidden for url: https://rustypot.com/api/items
[2025-06-05 00:58:24] WARNING: No items received from RustyPot
[2025-06-05 00:59:25] ERROR: Failed to fetch RustyPot items: 403 Client Error: Forbidden for url: https://rustypot.com/api/items
[2025-06-05 00:59:25] WARNING: No items received from RustyPot
[2025-06-05 01:00:25] ERROR: Failed to fetch RustyPot items: 403 Client Error: Forbidden for url: https://rustypot.com/api/items
[2025-06-05 01:00:25] WARNING: No items received from RustyPot
[2025-06-05 01:01:25] ERROR: Failed to fetch RustyPot items: 403 Client Error: Forbidden for url: https://rustypot.com/api/items
[2025-06-05 01:01:25] WARNING: No items received from RustyPot
[2025-06-05 01:02:25] ERROR: Failed to fetch RustyPot items: 403 Client Error: Forbidden for url: https://rustypot.com/api/items
[2025-06-05 01:02:25] WARNING: No items received from RustyPot
[2025-06-05 01:03:25] ERROR: Failed to fetch RustyPot items: 403 Client Error: Forbidden for url: https://rustypot.com/api/items
[2025-06-05 01:03:25] WARNING: No items received from RustyPot
[2025-06-05 01:03:32] INFO: Следующее обновление в: 2025-06-05 01:03:31.484351
[2025-06-05 01:03:32] INFO: Начато обновление: rustbet
[2025-06-05 01:03:32] INFO: Начато обновление: lootfarm
[2025-06-05 01:03:32] INFO: Начато обновление: swapgg
[2025-06-05 01:03:32] INFO: Начато обновление: cstrade
[2025-06-05 01:03:32] INFO: Обновление завершено: swapgg - 2016/2016 предметов за 0.30 сек
[2025-06-05 01:03:32] INFO: Обновление завершено: cstrade - 4196/4196 предметов за 0.32 сек
[2025-06-05 01:03:32] INFO: Обновление завершено: lootfarm - 3767/3767 предметов за 0.35 сек
[2025-06-05 01:04:25] ERROR: Failed to fetch RustyPot items: 403 Client Error: Forbidden for url: https://rustypot.com/api/items
[2025-06-05 01:04:25] WARNING: No items received from RustyPot
[2025-06-05 01:04:29] INFO: Обновление завершено: rustbet - 720/720 предметов за 56.87 сек
[2025-06-05 01:05:25] ERROR: Failed to fetch RustyPot items: 403 Client Error: Forbidden for url: https://rustypot.com/api/items
[2025-06-05 01:05:25] WARNING: No items received from RustyPot
[2025-06-05 01:06:25] ERROR: Failed to fetch RustyPot items: 403 Client Error: Forbidden for url: https://rustypot.com/api/items
[2025-06-05 01:06:25] WARNING: No items received from RustyPot
[2025-06-05 01:07:25] ERROR: Failed to fetch RustyPot items: 403 Client Error: Forbidden for url: https://rustypot.com/api/items
[2025-06-05 01:07:25] WARNING: No items received from RustyPot
[2025-06-05 01:08:25] ERROR: Failed to fetch RustyPot items: 403 Client Error: Forbidden for url: https://rustypot.com/api/items
[2025-06-05 01:08:25] WARNING: No items received from RustyPot
[2025-06-05 01:09:25] ERROR: Failed to fetch RustyPot items: 403 Client Error: Forbidden for url: https://rustypot.com/api/items
[2025-06-05 01:09:25] WARNING: No items received from RustyPot
[2025-06-05 01:10:25] ERROR: Failed to fetch RustyPot items: 403 Client Error: Forbidden for url: https://rustypot.com/api/items
[2025-06-05 01:10:25] WARNING: No items received from RustyPot
[2025-06-05 01:11:25] ERROR: Failed to fetch RustyPot items: 403 Client Error: Forbidden for url: https://rustypot.com/api/items
[2025-06-05 01:11:25] WARNING: No items received from RustyPot
[2025-06-05 01:12:26] ERROR: Failed to fetch RustyPot items: 403 Client Error: Forbidden for url: https://rustypot.com/api/items
[2025-06-05 01:12:26] WARNING: No items received from RustyPot
[2025-06-05 01:13:26] ERROR: Failed to fetch RustyPot items: 403 Client Error: Forbidden for url: https://rustypot.com/api/items
[2025-06-05 01:13:26] WARNING: No items received from RustyPot
[2025-06-05 01:14:26] ERROR: Failed to fetch RustyPot items: 403 Client Error: Forbidden for url: https://rustypot.com/api/items
[2025-06-05 01:14:26] WARNING: No items received from RustyPot
[2025-06-05 01:15:26] ERROR: Failed to fetch RustyPot items: 403 Client Error: Forbidden for url: https://rustypot.com/api/items
[2025-06-05 01:15:26] WARNING: No items received from RustyPot
[2025-06-05 01:16:26] ERROR: Failed to fetch RustyPot items: 403 Client Error: Forbidden for url: https://rustypot.com/api/items
[2025-06-05 01:16:26] WARNING: No items received from RustyPot
[2025-06-05 01:17:26] ERROR: Failed to fetch RustyPot items: 403 Client Error: Forbidden for url: https://rustypot.com/api/items
[2025-06-05 01:17:26] WARNING: No items received from RustyPot
[2025-06-05 01:18:26] ERROR: Failed to fetch RustyPot items: 403 Client Error: Forbidden for url: https://rustypot.com/api/items
[2025-06-05 01:18:26] WARNING: No items received from RustyPot
[2025-06-05 01:19:26] ERROR: Failed to fetch RustyPot items: 403 Client Error: Forbidden for url: https://rustypot.com/api/items
[2025-06-05 01:19:26] WARNING: No items received from RustyPot
[2025-06-05 01:20:26] ERROR: Failed to fetch RustyPot items: 403 Client Error: Forbidden for url: https://rustypot.com/api/items
[2025-06-05 01:20:26] WARNING: No items received from RustyPot
[2025-06-05 01:21:26] ERROR: Failed to fetch RustyPot items: 403 Client Error: Forbidden for url: https://rustypot.com/api/items
[2025-06-05 01:21:26] WARNING: No items received from RustyPot
[2025-06-05 01:22:26] ERROR: Failed to fetch RustyPot items: 403 Client Error: Forbidden for url: https://rustypot.com/api/items
[2025-06-05 01:22:26] WARNING: No items received from RustyPot
[2025-06-05 01:23:26] ERROR: Failed to fetch RustyPot items: 403 Client Error: Forbidden for url: https://rustypot.com/api/items
[2025-06-05 01:23:26] WARNING: No items received from RustyPot
[2025-06-05 01:24:26] ERROR: Failed to fetch RustyPot items: 403 Client Error: Forbidden for url: https://rustypot.com/api/items
[2025-06-05 01:24:26] WARNING: No items received from RustyPot
[2025-06-05 01:25:27] ERROR: Failed to fetch RustyPot items: 403 Client Error: Forbidden for url: https://rustypot.com/api/items
[2025-06-05 01:25:27] WARNING: No items received from RustyPot
[2025-06-05 01:26:27] ERROR: Failed to fetch RustyPot items: 403 Client Error: Forbidden for url: https://rustypot.com/api/items
[2025-06-05 01:26:27] WARNING: No items received from RustyPot
[2025-06-05 01:27:27] ERROR: Failed to fetch RustyPot items: 403 Client Error: Forbidden for url: https://rustypot.com/api/items
[2025-06-05 01:27:27] WARNING: No items received from RustyPot
[2025-06-05 01:28:27] ERROR: Failed to fetch RustyPot items: 403 Client Error: Forbidden for url: https://rustypot.com/api/items
[2025-06-05 01:28:27] WARNING: No items received from RustyPot
[2025-06-05 01:29:27] ERROR: Failed to fetch RustyPot items: 403 Client Error: Forbidden for url: https://rustypot.com/api/items
[2025-06-05 01:29:27] WARNING: No items received from RustyPot
[2025-06-05 01:30:27] ERROR: Failed to fetch RustyPot items: 403 Client Error: Forbidden for url: https://rustypot.com/api/items
[2025-06-05 01:30:27] WARNING: No items received from RustyPot
[2025-06-05 01:31:27] ERROR: Failed to fetch RustyPot items: 403 Client Error: Forbidden for url: https://rustypot.com/api/items
[2025-06-05 01:31:27] WARNING: No items received from RustyPot
[2025-06-05 01:32:27] ERROR: Failed to fetch RustyPot items: 403 Client Error: Forbidden for url: https://rustypot.com/api/items
[2025-06-05 01:32:27] WARNING: No items received from RustyPot
[2025-06-05 01:33:27] ERROR: Failed to fetch RustyPot items: 403 Client Error: Forbidden for url: https://rustypot.com/api/items
[2025-06-05 01:33:27] WARNING: No items received from RustyPot
[2025-06-05 01:33:32] INFO: Следующее обновление в: 2025-06-05 01:33:32.365599
[2025-06-05 01:33:32] INFO: Начато обновление: rustbet
[2025-06-05 01:33:32] INFO: Начато обновление: lootfarm
[2025-06-05 01:33:32] INFO: Начато обновление: swapgg
[2025-06-05 01:33:32] INFO: Начато обновление: cstrade
[2025-06-05 01:33:33] INFO: Обновление завершено: cstrade - 4196/4196 предметов за 0.25 сек
[2025-06-05 01:33:33] INFO: Обновление завершено: lootfarm - 3767/3767 предметов за 0.30 сек
[2025-06-05 01:33:33] INFO: Обновление завершено: swapgg - 2012/2012 предметов за 0.32 сек
[2025-06-05 01:34:09] INFO: Обновление завершено: rustbet - 720/720 предметов за 36.23 сек
[2025-06-05 01:34:27] ERROR: Failed to fetch RustyPot items: 403 Client Error: Forbidden for url: https://rustypot.com/api/items
[2025-06-05 01:34:27] WARNING: No items received from RustyPot
[2025-06-05 01:35:27] ERROR: Failed to fetch RustyPot items: 403 Client Error: Forbidden for url: https://rustypot.com/api/items
[2025-06-05 01:35:27] WARNING: No items received from RustyPot
[2025-06-05 01:36:27] ERROR: Failed to fetch RustyPot items: 403 Client Error: Forbidden for url: https://rustypot.com/api/items
[2025-06-05 01:36:27] WARNING: No items received from RustyPot
[2025-06-05 01:37:27] ERROR: Failed to fetch RustyPot items: 403 Client Error: Forbidden for url: https://rustypot.com/api/items
[2025-06-05 01:37:27] WARNING: No items received from RustyPot
[2025-06-05 01:38:28] ERROR: Failed to fetch RustyPot items: 403 Client Error: Forbidden for url: https://rustypot.com/api/items
[2025-06-05 01:38:28] WARNING: No items received from RustyPot
[2025-06-05 01:39:28] ERROR: Failed to fetch RustyPot items: 403 Client Error: Forbidden for url: https://rustypot.com/api/items
[2025-06-05 01:39:28] WARNING: No items received from RustyPot
[2025-06-05 01:40:28] ERROR: Failed to fetch RustyPot items: 403 Client Error: Forbidden for url: https://rustypot.com/api/items
[2025-06-05 01:40:28] WARNING: No items received from RustyPot
[2025-06-05 01:41:28] ERROR: Failed to fetch RustyPot items: 403 Client Error: Forbidden for url: https://rustypot.com/api/items
[2025-06-05 01:41:28] WARNING: No items received from RustyPot
[2025-06-05 01:42:28] ERROR: Failed to fetch RustyPot items: 403 Client Error: Forbidden for url: https://rustypot.com/api/items
[2025-06-05 01:42:28] WARNING: No items received from RustyPot
[2025-06-05 01:43:28] ERROR: Failed to fetch RustyPot items: 403 Client Error: Forbidden for url: https://rustypot.com/api/items
[2025-06-05 01:43:28] WARNING: No items received from RustyPot
[2025-06-05 01:44:28] ERROR: Failed to fetch RustyPot items: 403 Client Error: Forbidden for url: https://rustypot.com/api/items
[2025-06-05 01:44:28] WARNING: No items received from RustyPot
[2025-06-05 01:45:28] ERROR: Failed to fetch RustyPot items: 403 Client Error: Forbidden for url: https://rustypot.com/api/items
[2025-06-05 01:45:28] WARNING: No items received from RustyPot
[2025-06-05 01:46:28] ERROR: Failed to fetch RustyPot items: 403 Client Error: Forbidden for url: https://rustypot.com/api/items
[2025-06-05 01:46:28] WARNING: No items received from RustyPot
[2025-06-05 01:47:28] ERROR: Failed to fetch RustyPot items: 403 Client Error: Forbidden for url: https://rustypot.com/api/items
[2025-06-05 01:47:28] WARNING: No items received from RustyPot
[2025-06-05 01:48:28] ERROR: Failed to fetch RustyPot items: 403 Client Error: Forbidden for url: https://rustypot.com/api/items
[2025-06-05 01:48:28] WARNING: No items received from RustyPot
[2025-06-05 01:49:29] ERROR: Failed to fetch RustyPot items: 403 Client Error: Forbidden for url: https://rustypot.com/api/items
[2025-06-05 01:49:29] WARNING: No items received from RustyPot
[2025-06-05 01:50:29] ERROR: Failed to fetch RustyPot items: 403 Client Error: Forbidden for url: https://rustypot.com/api/items
[2025-06-05 01:50:29] WARNING: No items received from RustyPot
[2025-06-05 01:51:29] ERROR: Failed to fetch RustyPot items: 403 Client Error: Forbidden for url: https://rustypot.com/api/items
[2025-06-05 01:51:29] WARNING: No items received from RustyPot
[2025-06-05 01:52:29] ERROR: Failed to fetch RustyPot items: 403 Client Error: Forbidden for url: https://rustypot.com/api/items
[2025-06-05 01:52:29] WARNING: No items received from RustyPot
[2025-06-05 01:53:29] ERROR: Failed to fetch RustyPot items: 403 Client Error: Forbidden for url: https://rustypot.com/api/items
[2025-06-05 01:53:29] WARNING: No items received from RustyPot
[2025-06-05 01:54:29] ERROR: Failed to fetch RustyPot items: 403 Client Error: Forbidden for url: https://rustypot.com/api/items
[2025-06-05 01:54:29] WARNING: No items received from RustyPot
[2025-06-05 01:55:29] ERROR: Failed to fetch RustyPot items: 403 Client Error: Forbidden for url: https://rustypot.com/api/items
[2025-06-05 01:55:29] WARNING: No items received from RustyPot
[2025-06-05 01:56:29] ERROR: Failed to fetch RustyPot items: 403 Client Error: Forbidden for url: https://rustypot.com/api/items
[2025-06-05 01:56:29] WARNING: No items received from RustyPot
[2025-06-05 01:57:29] ERROR: Failed to fetch RustyPot items: 403 Client Error: Forbidden for url: https://rustypot.com/api/items
[2025-06-05 01:57:29] WARNING: No items received from RustyPot
[2025-06-05 01:58:29] ERROR: Failed to fetch RustyPot items: 403 Client Error: Forbidden for url: https://rustypot.com/api/items
[2025-06-05 01:58:29] WARNING: No items received from RustyPot
[2025-06-05 01:59:29] ERROR: Failed to fetch RustyPot items: 403 Client Error: Forbidden for url: https://rustypot.com/api/items
[2025-06-05 01:59:29] WARNING: No items received from RustyPot
[2025-06-05 02:00:29] ERROR: Failed to fetch RustyPot items: 403 Client Error: Forbidden for url: https://rustypot.com/api/items
[2025-06-05 02:00:29] WARNING: No items received from RustyPot
[2025-06-05 02:01:30] ERROR: Failed to fetch RustyPot items: 403 Client Error: Forbidden for url: https://rustypot.com/api/items
[2025-06-05 02:01:30] WARNING: No items received from RustyPot
[2025-06-05 02:02:30] ERROR: Failed to fetch RustyPot items: 403 Client Error: Forbidden for url: https://rustypot.com/api/items
[2025-06-05 02:02:30] WARNING: No items received from RustyPot
[2025-06-05 02:03:30] ERROR: Failed to fetch RustyPot items: 403 Client Error: Forbidden for url: https://rustypot.com/api/items
[2025-06-05 02:03:30] WARNING: No items received from RustyPot
[2025-06-05 02:03:33] INFO: Следующее обновление в: 2025-06-05 02:03:32.815511
[2025-06-05 02:03:33] INFO: Начато обновление: rustbet
[2025-06-05 02:03:33] INFO: Начато обновление: lootfarm
[2025-06-05 02:03:33] INFO: Начато обновление: swapgg
[2025-06-05 02:03:33] INFO: Начато обновление: cstrade
[2025-06-05 02:03:33] INFO: Обновление завершено: lootfarm - 3767/3767 предметов за 0.32 сек
[2025-06-05 02:03:33] INFO: Обновление завершено: cstrade - 4196/4196 предметов за 0.35 сек
[2025-06-05 02:03:34] INFO: Обновление завершено: swapgg - 2007/2007 предметов за 0.37 сек
[2025-06-05 02:04:08] INFO: Обновление завершено: rustbet - 720/720 предметов за 34.99 сек
[2025-06-05 02:04:30] ERROR: Failed to fetch RustyPot items: 403 Client Error: Forbidden for url: https://rustypot.com/api/items
[2025-06-05 02:04:30] WARNING: No items received from RustyPot
[2025-06-05 02:05:30] ERROR: Failed to fetch RustyPot items: 403 Client Error: Forbidden for url: https://rustypot.com/api/items
[2025-06-05 02:05:30] WARNING: No items received from RustyPot
[2025-06-05 02:06:30] ERROR: Failed to fetch RustyPot items: 403 Client Error: Forbidden for url: https://rustypot.com/api/items
[2025-06-05 02:06:30] WARNING: No items received from RustyPot
[2025-06-05 02:07:30] ERROR: Failed to fetch RustyPot items: 403 Client Error: Forbidden for url: https://rustypot.com/api/items
[2025-06-05 02:07:30] WARNING: No items received from RustyPot
[2025-06-05 02:08:30] ERROR: Failed to fetch RustyPot items: 403 Client Error: Forbidden for url: https://rustypot.com/api/items
[2025-06-05 02:08:30] WARNING: No items received from RustyPot
[2025-06-05 02:09:30] ERROR: Failed to fetch RustyPot items: 403 Client Error: Forbidden for url: https://rustypot.com/api/items
[2025-06-05 02:09:30] WARNING: No items received from RustyPot
[2025-06-05 02:10:30] ERROR: Failed to fetch RustyPot items: 403 Client Error: Forbidden for url: https://rustypot.com/api/items
[2025-06-05 02:10:30] WARNING: No items received from RustyPot
[2025-06-05 02:11:30] ERROR: Failed to fetch RustyPot items: 403 Client Error: Forbidden for url: https://rustypot.com/api/items
[2025-06-05 02:11:30] WARNING: No items received from RustyPot
[2025-06-05 02:12:30] ERROR: Failed to fetch RustyPot items: 403 Client Error: Forbidden for url: https://rustypot.com/api/items
[2025-06-05 02:12:30] WARNING: No items received from RustyPot
[2025-06-05 02:13:30] ERROR: Failed to fetch RustyPot items: 403 Client Error: Forbidden for url: https://rustypot.com/api/items
[2025-06-05 02:13:30] WARNING: No items received from RustyPot
[2025-06-05 02:14:31] ERROR: Failed to fetch RustyPot items: 403 Client Error: Forbidden for url: https://rustypot.com/api/items
[2025-06-05 02:14:31] WARNING: No items received from RustyPot
[2025-06-05 02:15:31] ERROR: Failed to fetch RustyPot items: 403 Client Error: Forbidden for url: https://rustypot.com/api/items
[2025-06-05 02:15:31] WARNING: No items received from RustyPot
[2025-06-05 02:16:31] ERROR: Failed to fetch RustyPot items: 403 Client Error: Forbidden for url: https://rustypot.com/api/items
[2025-06-05 02:16:31] WARNING: No items received from RustyPot
[2025-06-05 02:17:31] ERROR: Failed to fetch RustyPot items: 403 Client Error: Forbidden for url: https://rustypot.com/api/items
[2025-06-05 02:17:31] WARNING: No items received from RustyPot
[2025-06-05 02:18:31] ERROR: Failed to fetch RustyPot items: 403 Client Error: Forbidden for url: https://rustypot.com/api/items
[2025-06-05 02:18:31] WARNING: No items received from RustyPot
[2025-06-05 02:19:31] ERROR: Failed to fetch RustyPot items: 403 Client Error: Forbidden for url: https://rustypot.com/api/items
[2025-06-05 02:19:31] WARNING: No items received from RustyPot
[2025-06-05 02:20:31] ERROR: Failed to fetch RustyPot items: 403 Client Error: Forbidden for url: https://rustypot.com/api/items
[2025-06-05 02:20:31] WARNING: No items received from RustyPot
[2025-06-05 02:21:31] ERROR: Failed to fetch RustyPot items: 403 Client Error: Forbidden for url: https://rustypot.com/api/items
[2025-06-05 02:21:31] WARNING: No items received from RustyPot
[2025-06-05 02:22:32] ERROR: Failed to fetch RustyPot items: 403 Client Error: Forbidden for url: https://rustypot.com/api/items
[2025-06-05 02:22:32] WARNING: No items received from RustyPot
[2025-06-05 16:59:31] INFO: RustyPot HTTP parser started
[2025-06-05 16:59:31] INFO: ==================================================
[2025-06-05 16:59:31] INFO: Система мониторинга цен запущена
[2025-06-05 16:59:31] INFO: Интервал обновления: 1800 секунд
[2025-06-05 16:59:31] INFO: ==================================================
[2025-06-05 16:59:31] INFO: Автообновление данных запущено
[2025-06-05 16:59:31] INFO: Начато обновление: rustbet
[2025-06-05 16:59:31] INFO: Начато обновление: lootfarm
[2025-06-05 16:59:31] INFO: Начато обновление: swapgg
[2025-06-05 16:59:31] INFO: Начато обновление: cstrade
[2025-06-05 16:59:31] ERROR: Failed to fetch RustyPot items: 403 Client Error: Forbidden for url: https://rustypot.com/api/items
[2025-06-05 16:59:31] WARNING: No items received from RustyPot
[2025-06-05 16:59:31] INFO: Обновление завершено: swapgg - 1974/1974 предметов за 0.26 сек
[2025-06-05 16:59:32] INFO: Обновление завершено: lootfarm - 3783/3783 предметов за 0.31 сек
[2025-06-05 16:59:32] INFO: Обновление завершено: cstrade - 4201/4201 предметов за 0.32 сек
[2025-06-05 16:59:56] INFO: Обновление завершено: rustbet - 720/720 предметов за 25.28 сек
[2025-06-05 17:00:31] ERROR: Failed to fetch RustyPot items: 403 Client Error: Forbidden for url: https://rustypot.com/api/items
[2025-06-05 17:00:31] WARNING: No items received from RustyPot
[2025-06-05 18:15:04] INFO: RustyPot HTTP parser started
[2025-06-05 18:15:04] INFO: ==================================================
[2025-06-05 18:15:04] INFO: Система мониторинга цен запущена
[2025-06-05 18:15:04] INFO: Интервал обновления: 1800 секунд
[2025-06-05 18:15:04] INFO: ==================================================
[2025-06-05 18:15:04] INFO: Автообновление данных запущено
[2025-06-05 18:15:04] INFO: Начато обновление: rustbet
[2025-06-05 18:15:04] INFO: Начато обновление: lootfarm
[2025-06-05 18:15:04] INFO: Начато обновление: swapgg
[2025-06-05 18:15:04] INFO: Начато обновление: cstrade
[2025-06-05 18:15:04] ERROR: Failed to fetch RustyPot items: 403 Client Error: Forbidden for url: https://rustypot.com/api/items
[2025-06-05 18:15:04] WARNING: No items received from RustyPot
[2025-06-05 18:15:04] INFO: Обновление завершено: swapgg - 1981/1981 предметов за 0.29 сек
[2025-06-05 18:15:04] INFO: Обновление завершено: cstrade - 4202/4202 предметов за 0.31 сек
[2025-06-05 18:15:04] INFO: Обновление завершено: lootfarm - 3782/3782 предметов за 0.34 сек
[2025-06-05 18:15:45] INFO: Обновление завершено: rustbet - 720/720 предметов за 40.94 сек
[2025-06-05 18:16:04] ERROR: Failed to fetch RustyPot items: 403 Client Error: Forbidden for url: https://rustypot.com/api/items
[2025-06-05 18:16:04] WARNING: No items received from RustyPot
[2025-06-05 18:17:04] ERROR: Failed to fetch RustyPot items: 403 Client Error: Forbidden for url: https://rustypot.com/api/items
[2025-06-05 18:17:04] WARNING: No items received from RustyPot
[2025-06-05 18:18:04] ERROR: Failed to fetch RustyPot items: 403 Client Error: Forbidden for url: https://rustypot.com/api/items
[2025-06-05 18:18:04] WARNING: No items received from RustyPot
[2025-06-05 18:19:04] ERROR: Failed to fetch RustyPot items: 403 Client Error: Forbidden for url: https://rustypot.com/api/items
[2025-06-05 18:19:04] WARNING: No items received from RustyPot
[2025-06-05 18:20:04] ERROR: Failed to fetch RustyPot items: 403 Client Error: Forbidden for url: https://rustypot.com/api/items
[2025-06-05 18:20:04] WARNING: No items received from RustyPot
[2025-06-05 18:21:04] ERROR: Failed to fetch RustyPot items: 403 Client Error: Forbidden for url: https://rustypot.com/api/items
[2025-06-05 18:21:04] WARNING: No items received from RustyPot
[2025-06-05 18:22:04] ERROR: Failed to fetch RustyPot items: 403 Client Error: Forbidden for url: https://rustypot.com/api/items
[2025-06-05 18:22:04] WARNING: No items received from RustyPot
[2025-06-05 18:23:04] ERROR: Failed to fetch RustyPot items: 403 Client Error: Forbidden for url: https://rustypot.com/api/items
[2025-06-05 18:23:04] WARNING: No items received from RustyPot
[2025-06-05 18:24:05] ERROR: Failed to fetch RustyPot items: 403 Client Error: Forbidden for url: https://rustypot.com/api/items
[2025-06-05 18:24:05] WARNING: No items received from RustyPot
[2025-06-05 18:25:05] ERROR: Failed to fetch RustyPot items: 403 Client Error: Forbidden for url: https://rustypot.com/api/items
[2025-06-05 18:25:05] WARNING: No items received from RustyPot
[2025-06-05 18:26:05] ERROR: Failed to fetch RustyPot items: 403 Client Error: Forbidden for url: https://rustypot.com/api/items
[2025-06-05 18:26:05] WARNING: No items received from RustyPot
[2025-06-05 18:27:05] ERROR: Failed to fetch RustyPot items: 403 Client Error: Forbidden for url: https://rustypot.com/api/items
[2025-06-05 18:27:05] WARNING: No items received from RustyPot
[2025-06-05 18:28:05] ERROR: Failed to fetch RustyPot items: 403 Client Error: Forbidden for url: https://rustypot.com/api/items
[2025-06-05 18:28:05] WARNING: No items received from RustyPot
[2025-06-05 18:29:05] ERROR: Failed to fetch RustyPot items: 403 Client Error: Forbidden for url: https://rustypot.com/api/items
[2025-06-05 18:29:05] WARNING: No items received from RustyPot
[2025-06-05 18:30:05] ERROR: Failed to fetch RustyPot items: 403 Client Error: Forbidden for url: https://rustypot.com/api/items
[2025-06-05 18:30:05] WARNING: No items received from RustyPot
[2025-06-05 18:31:05] ERROR: Failed to fetch RustyPot items: 403 Client Error: Forbidden for url: https://rustypot.com/api/items
[2025-06-05 18:31:05] WARNING: No items received from RustyPot
[2025-06-05 18:32:05] ERROR: Failed to fetch RustyPot items: 403 Client Error: Forbidden for url: https://rustypot.com/api/items
[2025-06-05 18:32:05] WARNING: No items received from RustyPot
[2025-06-05 18:33:05] ERROR: Failed to fetch RustyPot items: 403 Client Error: Forbidden for url: https://rustypot.com/api/items
[2025-06-05 18:33:05] WARNING: No items received from RustyPot
[2025-06-05 18:34:05] ERROR: Failed to fetch RustyPot items: 403 Client Error: Forbidden for url: https://rustypot.com/api/items
[2025-06-05 18:34:05] WARNING: No items received from RustyPot
[2025-06-05 18:35:06] ERROR: Failed to fetch RustyPot items: 403 Client Error: Forbidden for url: https://rustypot.com/api/items
[2025-06-05 18:35:06] WARNING: No items received from RustyPot
[2025-06-05 18:36:06] ERROR: Failed to fetch RustyPot items: 403 Client Error: Forbidden for url: https://rustypot.com/api/items
[2025-06-05 18:36:06] WARNING: No items received from RustyPot
[2025-06-05 18:37:06] ERROR: Failed to fetch RustyPot items: 403 Client Error: Forbidden for url: https://rustypot.com/api/items
[2025-06-05 18:37:06] WARNING: No items received from RustyPot
[2025-06-05 18:38:06] ERROR: Failed to fetch RustyPot items: 403 Client Error: Forbidden for url: https://rustypot.com/api/items
[2025-06-05 18:38:06] WARNING: No items received from RustyPot
[2025-06-05 20:54:38] INFO: RustyPot HTTP parser started
[2025-06-05 20:54:38] INFO: ==================================================
[2025-06-05 20:54:38] INFO: Система мониторинга цен запущена
[2025-06-05 20:54:38] INFO: Интервал обновления: 1800 секунд
[2025-06-05 20:54:38] INFO: ==================================================
[2025-06-05 20:54:38] INFO: Автообновление данных запущено
[2025-06-05 20:54:38] INFO: Начато обновление: rustbet
[2025-06-05 20:54:38] INFO: Начато обновление: lootfarm
[2025-06-05 20:54:38] INFO: Начато обновление: swapgg
[2025-06-05 20:54:38] INFO: Начато обновление: cstrade
[2025-06-05 20:54:38] ERROR: Failed to fetch RustyPot items: 403 Client Error: Forbidden for url: https://rustypot.com/api/items
[2025-06-05 20:54:38] WARNING: No items received from RustyPot
[2025-06-05 20:54:38] INFO: Обновление завершено: swapgg - 1990/1990 предметов за 0.29 сек
[2025-06-05 20:54:38] INFO: Обновление завершено: cstrade - 4200/4200 предметов за 0.31 сек
[2025-06-05 20:54:38] INFO: Обновление завершено: lootfarm - 3777/3777 предметов за 0.34 сек
[2025-06-05 20:55:15] INFO: Обновление завершено: rustbet - 720/720 предметов за 37.88 сек
[2025-06-05 20:55:38] ERROR: Failed to fetch RustyPot items: 403 Client Error: Forbidden for url: https://rustypot.com/api/items
[2025-06-05 20:55:38] WARNING: No items received from RustyPot
[2025-06-05 20:56:38] ERROR: Failed to fetch RustyPot items: 403 Client Error: Forbidden for url: https://rustypot.com/api/items
[2025-06-05 20:56:38] WARNING: No items received from RustyPot
[2025-06-05 20:57:38] ERROR: Failed to fetch RustyPot items: 403 Client Error: Forbidden for url: https://rustypot.com/api/items
[2025-06-05 20:57:38] WARNING: No items received from RustyPot
[2025-06-05 20:58:38] ERROR: Failed to fetch RustyPot items: 403 Client Error: Forbidden for url: https://rustypot.com/api/items
[2025-06-05 20:58:38] WARNING: No items received from RustyPot
[2025-06-05 20:59:38] ERROR: Failed to fetch RustyPot items: 403 Client Error: Forbidden for url: https://rustypot.com/api/items
[2025-06-05 20:59:38] WARNING: No items received from RustyPot
[2025-06-05 21:00:38] ERROR: Failed to fetch RustyPot items: 403 Client Error: Forbidden for url: https://rustypot.com/api/items
[2025-06-05 21:00:38] WARNING: No items received from RustyPot
